This is pdfTeX, Version 3.14159265-2.6-1.40.20 (TeX Live 2019/Arch Linux) (preloaded format=latex 2020.6.29)  10 JUL 2020 17:47
entering extended mode
 restricted \write18 enabled.
 Source specials enabled.
 %&-line parsing enabled.
**Stilo_Pia
(./Stilo_Pia
LaTeX2e <2019-10-01> patch level 1
(/usr/share/texmf-dist/tex/latex/base/article.cls
Document Class: article 2019/08/27 v1.4j Standard LaTeX document class
(/usr/share/texmf-dist/tex/latex/base/size10.clo
File: size10.clo 2019/08/27 v1.4j Standard LaTeX file (size option)
)
\c@part=\count80
\c@section=\count81
\c@subsection=\count82
\c@subsubsection=\count83
\c@paragraph=\count84
\c@subparagraph=\count85
\c@figure=\count86
\c@table=\count87
\abovecaptionskip=\skip41
\belowcaptionskip=\skip42
\bibindent=\dimen102
)
(/usr/share/texmf-dist/tex/latex/base/inputenc.sty
Package: inputenc 2018/08/11 v1.3c Input encoding file
\inpenc@prehook=\toks14
\inpenc@posthook=\toks15
)
(/usr/share/texmf-dist/tex/latex/graphics/graphicx.sty
Package: graphicx 2017/06/01 v1.1a Enhanced LaTeX Graphics (DPC,SPQR)

(/usr/share/texmf-dist/tex/latex/graphics/keyval.sty
Package: keyval 2014/10/28 v1.15 key=value parser (DPC)
\KV@toks@=\toks16
)
(/usr/share/texmf-dist/tex/latex/graphics/graphics.sty
Package: graphics 2019/10/08 v1.3c Standard LaTeX Graphics (DPC,SPQR)

(/usr/share/texmf-dist/tex/latex/graphics/trig.sty
Package: trig 2016/01/03 v1.10 sin cos tan (DPC)
)
(/usr/share/texmf-dist/tex/latex/graphics-cfg/graphics.cfg
File: graphics.cfg 2016/06/04 v1.11 sample graphics configuration
)
Package graphics Info: Driver file: dvips.def on input line 105.

(/usr/share/texmf-dist/tex/latex/graphics-def/dvips.def
File: dvips.def 2017/06/20 v3.1d Graphics/color driver for dvips
))
\Gin@req@height=\dimen103
\Gin@req@width=\dimen104
) (./Stilo_Pia.aux)
\openout1 = `Stilo_Pia.aux'.

LaTeX Font Info:    Checking defaults for OML/cmm/m/it on input line 10.
LaTeX Font Info:    ... okay on input line 10.
LaTeX Font Info:    Checking defaults for T1/cmr/m/n on input line 10.
LaTeX Font Info:    ... okay on input line 10.
LaTeX Font Info:    Checking defaults for OT1/cmr/m/n on input line 10.
LaTeX Font Info:    ... okay on input line 10.
LaTeX Font Info:    Checking defaults for OMS/cmsy/m/n on input line 10.
LaTeX Font Info:    ... okay on input line 10.
LaTeX Font Info:    Checking defaults for OMX/cmex/m/n on input line 10.
LaTeX Font Info:    ... okay on input line 10.
LaTeX Font Info:    Checking defaults for U/cmr/m/n on input line 10.
LaTeX Font Info:    ... okay on input line 10.
LaTeX Font Info:    External font `cmex10' loaded for size
(Font)              <12> on input line 11.
LaTeX Font Info:    External font `cmex10' loaded for size
(Font)              <8> on input line 11.
LaTeX Font Info:    External font `cmex10' loaded for size
(Font)              <6> on input line 11.

(./Stilo_Pia.toc)
\tf@toc=\write3
\openout3 = `Stilo_Pia.toc'.



! Package inputenc Error: Unicode character → (U+2192)
(inputenc)                not set up for use with LaTeX.

See the inputenc package documentation for explanation.
Type  H <return>  for immediate help.
 ...                                              
                                                  
l.16 vor allem Autorschaftsattribution →
                                           Gattungen selten betrachtet, desh...

You may provide a definition with
\DeclareUnicodeCharacter 


! Package inputenc Error: Unicode character → (U+2192)
(inputenc)                not set up for use with LaTeX.

See the inputenc package documentation for explanation.
Type  H <return>  for immediate help.
 ...                                              
                                                  
l.17 ...elta (mittlere und häufigste Wörter) →
                                                   auch wir verwenden diese ...

You may provide a definition with
\DeclareUnicodeCharacter 


! Package inputenc Error: Unicode character → (U+2192)
(inputenc)                not set up for use with LaTeX.

See the inputenc package documentation for explanation.
Type  H <return>  for immediate help.
 ...                                              
                                                  
l.21 →
         Überprüfung mit: Zeta, Delta
You may provide a definition with
\DeclareUnicodeCharacter 

[1

]

! LaTeX Error: Cannot determine size of graphic in /home/piah/Dokumente/Uni/Sti
lo_git/lyrik_prosa_stilometrie/Bilder_Theorie/plutchik_wheel.png (no BoundingBo
x).

See the LaTeX manual or LaTeX Companion for explanation.
Type  H <return>  for immediate help.
 ...                                              
                                                  
l.54 ...hics[width=\textwidth]{plutchik_wheel.png}
                                                  
Try typing  <return>  to proceed.
If that doesn't work, type  X <return>  to quit.

File: /home/piah/Dokumente/Uni/Stilo_git/lyrik_prosa_stilometrie/Bilder_Theorie
/plutchik_wheel.png Graphic file (type eps)

</home/piah/Dokumente/Uni/Stilo_git/lyrik_prosa_stilometrie/Bilder_Theorie/plut
chik_wheel.png>

! LaTeX Error: Cannot determine size of graphic in /home/piah/Dokumente/Uni/Sti
lo_git/lyrik_prosa_stilometrie/Bilder_Theorie/Plutchik_Dyads.png (no BoundingBo
x).

See the LaTeX manual or LaTeX Companion for explanation.
Type  H <return>  for immediate help.
 ...                                              
                                                  
l.60 ...hics[width=\textwidth]{Plutchik_Dyads.png}
                                                  
Try typing  <return>  to proceed.
If that doesn't work, type  X <return>  to quit.

File: /home/piah/Dokumente/Uni/Stilo_git/lyrik_prosa_stilometrie/Bilder_Theorie
/Plutchik_Dyads.png Graphic file (type eps)

</home/piah/Dokumente/Uni/Stilo_git/lyrik_prosa_stilometrie/Bilder_Theorie/Plut
chik_Dyads.png> [2]

LaTeX Warning: `h' float specifier changed to `ht'.

[3]
Underfull \hbox (badness 10000) in paragraph at lines 73--78

 []

[4]

! LaTeX Error: Environment equ undefined.

See the LaTeX manual or LaTeX Companion for explanation.
Type  H <return>  for immediate help.
 ...                                              
                                                  
l.81 \begin{equ}
                
Your command was ignored.
Type  I <command> <return>  to replace it with another command,
or  <return>  to continue without it.


! LaTeX Error: Environment equotion undefined.

See the LaTeX manual or LaTeX Companion for explanation.
Type  H <return>  for immediate help.
 ...                                              
                                                  
l.82     \begin{equotion}
                         
Your command was ignored.
Type  I <command> <return>  to replace it with another command,
or  <return>  to continue without it.

! Missing $ inserted.
<inserted text> 
                $
l.83 rrf_
         {i}=\frac{rf_{i}(Z)}{rf_{i}(V)}
I've inserted a begin-math/end-math symbol since I think
you left one out. Proceed, with fingers crossed.

LaTeX Font Info:    External font `cmex10' loaded for size
(Font)              <7> on input line 83.
LaTeX Font Info:    External font `cmex10' loaded for size
(Font)              <5> on input line 83.

! LaTeX Error: \begin{document} ended by \end{equotion}.

See the LaTeX manual or LaTeX Companion for explanation.
Type  H <return>  for immediate help.
 ...                                              
                                                  
l.84     \end{equotion}
                       
Your command was ignored.
Type  I <command> <return>  to replace it with another command,
or  <return>  to continue without it.

! Missing $ inserted.
<inserted text> 
                $
l.84     \end{equotion}
                       
I've inserted something that you may have forgotten.
(See the <inserted text> above.)
With luck, this will get me unwedged. But if you
really didn't forget anything, try typing `2' now; then
my insertion and my current dilemma will both disappear.


! LaTeX Error: \begin{document} ended by \end{equ}.

See the LaTeX manual or LaTeX Companion for explanation.
Type  H <return>  for immediate help.
 ...                                              
                                                  
l.85 \end{equ}
              
Your command was ignored.
Type  I <command> <return>  to replace it with another command,
or  <return>  to continue without it.


Underfull \hbox (badness 10000) in paragraph at lines 83--87

 []


Underfull \hbox (badness 10000) in paragraph at lines 89--90

 []


! LaTeX Error: Environment align undefined.

See the LaTeX manual or LaTeX Companion for explanation.
Type  H <return>  for immediate help.
 ...                                              
                                                  
l.92 \begin{align}
                  
Your command was ignored.
Type  I <command> <return>  to replace it with another command,
or  <return>  to continue without it.

! Missing $ inserted.
<inserted text> 
                $
l.93 dp_
        {i}(Z)=\frac{df_{i}(Z)}{n(Z)}
I've inserted a begin-math/end-math symbol since I think
you left one out. Proceed, with fingers crossed.


! LaTeX Error: \begin{document} ended by \end{align}.

See the LaTeX manual or LaTeX Companion for explanation.
Type  H <return>  for immediate help.
 ...                                              
                                                  
l.94 \end{align}
                \\
Your command was ignored.
Type  I <command> <return>  to replace it with another command,
or  <return>  to continue without it.

! Missing $ inserted.
<inserted text> 
                $
l.94 \end{align}
                \\
I've inserted something that you may have forgotten.
(See the <inserted text> above.)
With luck, this will get me unwedged. But if you
really didn't forget anything, try typing `2' now; then
my insertion and my current dilemma will both disappear.


Underfull \hbox (badness 10000) in paragraph at lines 93--95

 []


Underfull \hbox (badness 10000) in paragraph at lines 96--97

 []


! LaTeX Error: Environment align undefined.

See the LaTeX manual or LaTeX Companion for explanation.
Type  H <return>  for immediate help.
 ...                                              
                                                  
l.99 \begin{align}
                  
Your command was ignored.
Type  I <command> <return>  to replace it with another command,
or  <return>  to continue without it.

! Missing $ inserted.
<inserted text> 
                $
l.100 dp_
         {i}(V)=\frac{df_{i}(V)}{n(V)}
I've inserted a begin-math/end-math symbol since I think
you left one out. Proceed, with fingers crossed.


! LaTeX Error: \begin{document} ended by \end{align}.

See the LaTeX manual or LaTeX Companion for explanation.
Type  H <return>  for immediate help.
 ...                                              
                                                  
l.101 \end{align}
                 
Your command was ignored.
Type  I <command> <return>  to replace it with another command,
or  <return>  to continue without it.

! Missing $ inserted.
<inserted text> 
                $
l.101 \end{align}
                 
I've inserted something that you may have forgotten.
(See the <inserted text> above.)
With luck, this will get me unwedged. But if you
really didn't forget anything, try typing `2' now; then
my insertion and my current dilemma will both disappear.


Underfull \hbox (badness 10000) in paragraph at lines 100--103

 []


Underfull \hbox (badness 10000) in paragraph at lines 105--106

 []


! LaTeX Error: Environment align undefined.

See the LaTeX manual or LaTeX Companion for explanation.
Type  H <return>  for immediate help.
 ...                                              
                                                  
l.107 \begin{align}
                   
Your command was ignored.
Type  I <command> <return>  to replace it with another command,
or  <return>  to continue without it.

! Missing $ inserted.
<inserted text> 
                $
l.108 Zeta_
           {i}=dp_{i}(Z)-dp_{i}(V)
I've inserted a begin-math/end-math symbol since I think
you left one out. Proceed, with fingers crossed.


! LaTeX Error: \begin{document} ended by \end{align}.

See the LaTeX manual or LaTeX Companion for explanation.
Type  H <return>  for immediate help.
 ...                                              
                                                  
l.109 \end{align}
                 \\
Your command was ignored.
Type  I <command> <return>  to replace it with another command,
or  <return>  to continue without it.

! Missing $ inserted.
<inserted text> 
                $
l.109 \end{align}
                 \\
I've inserted something that you may have forgotten.
(See the <inserted text> above.)
With luck, this will get me unwedged. But if you
really didn't forget anything, try typing `2' now; then
my insertion and my current dilemma will both disappear.


Underfull \hbox (badness 10000) in paragraph at lines 108--110

 []


Overfull \hbox (1.88934pt too wide) in paragraph at lines 117--121
[]\OT1/cmr/m/n/10 Das er-ste stilometrische Ver-fahren, das zur Un-ter-schei-du
ng epis-cher und lyrischer
 []


Underfull \hbox (badness 10000) in paragraph at lines 117--121

 []

[5]
Overfull \hbox (1.97266pt too wide) in paragraph at lines 125--126
[][]\OT1/cmr/m/n/10 Die Delta-Werte wer-den in der vor-liegen-den Anal-yse f^^?
ur das aus zwei Textgat-
 []


Overfull \hbox (4.38022pt too wide) in paragraph at lines 125--126
\OT1/cmr/m/n/10 bekan-nter Text be-han-delt wird. Ein Wert nahe 1 beschreibt ei
ne hohe []Ahnlichkeit
 []


Underfull \hbox (badness 10000) in paragraph at lines 130--131

 []


Underfull \hbox (badness 10000) in paragraph at lines 135--136

 []

[6]
Underfull \hbox (badness 10000) in paragraph at lines 137--138

 []

! Undefined control sequence.
l.148 ...ondere die Wörter \textit{Herz}, \texint
                                                  {Seele},  \textit{Liebe} u...
The control sequence at the end of the top line
of your error message was never \def'ed. If you have
misspelled it (e.g., `\hobx'), type `I' and the correct
spelling (e.g., `I\hbox'). Otherwise just continue,
and I'll forget about whatever was undefined.


Overfull \hbox (3.7136pt too wide) in paragraph at lines 151--152
\OT1/cmr/m/n/10 er-stellt und zug^^?anglich gemacht. Sie bein-hal-tet positve, 
als auch neg-a-tive W^^?orter,
 []

[7]
Underfull \hbox (badness 10000) in paragraph at lines 158--160

 []


Underfull \hbox (badness 10000) in paragraph at lines 165--170

 []


Underfull \hbox (badness 10000) in paragraph at lines 171--172

 []


Underfull \hbox (badness 10000) in paragraph at lines 181--183

 []

[8]

! Package inputenc Error: Unicode character → (U+2192)
(inputenc)                not set up for use with LaTeX.

See the inputenc package documentation for explanation.
Type  H <return>  for immediate help.
 ...                                              
                                                  
l.189 ...Herz 0,5, als nächstes ca. 0.25 Lust →
                                                   vergleichen mit autorenko...

You may provide a definition with
\DeclareUnicodeCharacter 

(./Stilo_Pia.lof)
\tf@lof=\write4
\openout4 = `Stilo_Pia.lof'.



! LaTeX Error: Environment align undefined.

See the LaTeX manual or LaTeX Companion for explanation.
Type  H <return>  for immediate help.
 ...                                              
                                                  
l.209 \begin{align}
                   
Your command was ignored.
Type  I <command> <return>  to replace it with another command,
or  <return>  to continue without it.

! Missing $ inserted.
<inserted text> 
                $
l.210 cos\delta
                (D,D')=\frac{\sum i z_{i}(D)\cdot z_{i}(D')}{\qquad||z_{i}(D...
I've inserted a begin-math/end-math symbol since I think
you left one out. Proceed, with fingers crossed.

)
Runaway argument?
{\sqrt {\sum _{i}z_{i}(D)^2}\sqrt {\sum _{i}z_{i}(D')²} \end {align}\ETC.
! File ended while scanning use of \frac .
<inserted text> 
                \par 
<*> Stilo_Pia
             
I suspect you have forgotten a `}', causing me
to read past where you wanted me to stop.
I'll try to recover; but if the error is serious,
you'd better type `E' or `X' now and fix your file.

! Emergency stop.
<*> Stilo_Pia
             
*** (job aborted, no legal \end found)

 
Here is how much of TeX's memory you used:
 655 strings out of 492168
 8106 string characters out of 6131584
 75664 words of memory out of 5000000
 5060 multiletter control sequences out of 15000+600000
 8593 words of font info for 30 fonts, out of 8000000 for 9000
 1141 hyphenation exceptions out of 8191
 28i,8n,23p,1605b,264s stack positions out of 5000i,500n,10000p,200000b,80000s
Output written on Stilo_Pia.dvi (8 pages, 31004 bytes).
