This is pdfTeX, Version 3.14159265-2.6-1.40.20 (TeX Live 2019/Arch Linux) (preloaded format=pdflatex 2020.6.29)  17 JUL 2020 11:20
entering extended mode
 restricted \write18 enabled.
 %&-line parsing enabled.
**Hausarbeit_Stilo.tex
(./Hausarbeit_Stilo.tex
LaTeX2e <2019-10-01> patch level 1
(/usr/share/texmf-dist/tex/latex/base/article.cls
Document Class: article 2019/08/27 v1.4j Standard LaTeX document class
(/usr/share/texmf-dist/tex/latex/base/size10.clo
File: size10.clo 2019/08/27 v1.4j Standard LaTeX file (size option)
)
\c@part=\count80
\c@section=\count81
\c@subsection=\count82
\c@subsubsection=\count83
\c@paragraph=\count84
\c@subparagraph=\count85
\c@figure=\count86
\c@table=\count87
\abovecaptionskip=\skip41
\belowcaptionskip=\skip42
\bibindent=\dimen102
)
(/usr/share/texmf-dist/tex/latex/base/inputenc.sty
Package: inputenc 2018/08/11 v1.3c Input encoding file
\inpenc@prehook=\toks14
\inpenc@posthook=\toks15
)
(/usr/share/texmf-dist/tex/latex/graphics/graphicx.sty
Package: graphicx 2017/06/01 v1.1a Enhanced LaTeX Graphics (DPC,SPQR)

(/usr/share/texmf-dist/tex/latex/graphics/keyval.sty
Package: keyval 2014/10/28 v1.15 key=value parser (DPC)
\KV@toks@=\toks16
)
(/usr/share/texmf-dist/tex/latex/graphics/graphics.sty
Package: graphics 2019/10/08 v1.3c Standard LaTeX Graphics (DPC,SPQR)

(/usr/share/texmf-dist/tex/latex/graphics/trig.sty
Package: trig 2016/01/03 v1.10 sin cos tan (DPC)
)
(/usr/share/texmf-dist/tex/latex/graphics-cfg/graphics.cfg
File: graphics.cfg 2016/06/04 v1.11 sample graphics configuration
)
Package graphics Info: Driver file: pdftex.def on input line 105.

(/usr/share/texmf-dist/tex/latex/graphics-def/pdftex.def
File: pdftex.def 2018/01/08 v1.0l Graphics/color driver for pdftex
))
\Gin@req@height=\dimen103
\Gin@req@width=\dimen104
)
(/usr/share/texmf-dist/tex/latex/natbib/natbib.sty
Package: natbib 2010/09/13 8.31b (PWD, AO)
\bibhang=\skip43
\bibsep=\skip44
LaTeX Info: Redefining \cite on input line 694.
\c@NAT@ctr=\count88
)
(/usr/share/texmf-dist/tex/latex/setspace/setspace.sty
Package: setspace 2011/12/19 v6.7a set line spacing
)
(/usr/share/texmf-dist/tex/latex/geometry/geometry.sty
Package: geometry 2018/04/16 v5.8 Page Geometry

(/usr/share/texmf-dist/tex/generic/oberdiek/ifpdf.sty
Package: ifpdf 2018/09/07 v3.3 Provides the ifpdf switch
)
(/usr/share/texmf-dist/tex/generic/oberdiek/ifvtex.sty
Package: ifvtex 2016/05/16 v1.6 Detect VTeX and its facilities (HO)
Package ifvtex Info: VTeX not detected.
)
(/usr/share/texmf-dist/tex/generic/ifxetex/ifxetex.sty
Package: ifxetex 2010/09/12 v0.6 Provides ifxetex conditional
)
\Gm@cnth=\count89
\Gm@cntv=\count90
\c@Gm@tempcnt=\count91
\Gm@bindingoffset=\dimen105
\Gm@wd@mp=\dimen106
\Gm@odd@mp=\dimen107
\Gm@even@mp=\dimen108
\Gm@layoutwidth=\dimen109
\Gm@layoutheight=\dimen110
\Gm@layouthoffset=\dimen111
\Gm@layoutvoffset=\dimen112
\Gm@dimlist=\toks17
)
(/usr/share/texmf-dist/tex/generic/babel/babel.sty
Package: babel 2019/10/15 3.35 The Babel package

(/usr/share/texmf-dist/tex/generic/babel/switch.def
File: switch.def 2019/10/15 3.35 Babel switching mechanism
)
(/usr/share/texmf-dist/tex/generic/babel-german/ngerman.ldf
Language: ngerman 2018/12/08 v2.11 German support for babel (post-1996 orthogra
phy)

(/usr/share/texmf-dist/tex/generic/babel-german/ngermanb.ldf
Language: ngermanb 2018/12/08 v2.11 German support for babel (post-1996 orthogr
aphy)

(/usr/share/texmf-dist/tex/generic/babel/babel.def
File: babel.def 2019/10/15 3.35 Babel common definitions
\babel@savecnt=\count92
\U@D=\dimen113

(/usr/share/texmf-dist/tex/generic/babel/txtbabel.def)
\bbl@dirlevel=\count93
)
Package babel Info: Making " an active character on input line 121.
)))
(/usr/share/texmf-dist/tex/latex/hyperref/hyperref.sty
Package: hyperref 2019/09/28 v7.00a Hypertext links for LaTeX

(/usr/share/texmf-dist/tex/generic/oberdiek/hobsub-hyperref.sty
Package: hobsub-hyperref 2016/05/16 v1.14 Bundle oberdiek, subset hyperref (HO)


(/usr/share/texmf-dist/tex/generic/oberdiek/hobsub-generic.sty
Package: hobsub-generic 2016/05/16 v1.14 Bundle oberdiek, subset generic (HO)
Package: hobsub 2016/05/16 v1.14 Construct package bundles (HO)
Package: infwarerr 2016/05/16 v1.4 Providing info/warning/error messages (HO)
Package: ltxcmds 2016/05/16 v1.23 LaTeX kernel commands for general use (HO)
Package: ifluatex 2016/05/16 v1.4 Provides the ifluatex switch (HO)
Package ifluatex Info: LuaTeX not detected.
Package hobsub Info: Skipping package `ifvtex' (already loaded).
Package: intcalc 2016/05/16 v1.2 Expandable calculations with integers (HO)
Package hobsub Info: Skipping package `ifpdf' (already loaded).
Package: etexcmds 2016/05/16 v1.6 Avoid name clashes with e-TeX commands (HO)
Package: kvsetkeys 2016/05/16 v1.17 Key value parser (HO)
Package: kvdefinekeys 2016/05/16 v1.4 Define keys (HO)
Package: pdftexcmds 2019/07/25 v0.30 Utility functions of pdfTeX for LuaTeX (HO
)
Package pdftexcmds Info: LuaTeX not detected.
Package pdftexcmds Info: \pdf@primitive is available.
Package pdftexcmds Info: \pdf@ifprimitive is available.
Package pdftexcmds Info: \pdfdraftmode found.
Package: pdfescape 2016/05/16 v1.14 Implements pdfTeX's escape features (HO)
Package: bigintcalc 2016/05/16 v1.4 Expandable calculations on big integers (HO
)
Package: bitset 2016/05/16 v1.2 Handle bit-vector datatype (HO)
Package: uniquecounter 2016/05/16 v1.3 Provide unlimited unique counter (HO)
)
Package hobsub Info: Skipping package `hobsub' (already loaded).
Package: letltxmacro 2016/05/16 v1.5 Let assignment for LaTeX macros (HO)
Package: hopatch 2016/05/16 v1.3 Wrapper for package hooks (HO)
Package: xcolor-patch 2016/05/16 xcolor patch
Package: atveryend 2016/05/16 v1.9 Hooks at the very end of document (HO)
Package atveryend Info: \enddocument detected (standard20110627).
Package: atbegshi 2016/06/09 v1.18 At begin shipout hook (HO)
Package: refcount 2016/05/16 v3.5 Data extraction from label references (HO)
Package: hycolor 2016/05/16 v1.8 Color options for hyperref/bookmark (HO)
)
(/usr/share/texmf-dist/tex/latex/oberdiek/auxhook.sty
Package: auxhook 2016/05/16 v1.4 Hooks for auxiliary files (HO)
)
(/usr/share/texmf-dist/tex/latex/oberdiek/kvoptions.sty
Package: kvoptions 2016/05/16 v3.12 Key value format for package options (HO)
)
\@linkdim=\dimen114
\Hy@linkcounter=\count94
\Hy@pagecounter=\count95

(/usr/share/texmf-dist/tex/latex/hyperref/pd1enc.def
File: pd1enc.def 2019/09/28 v7.00a Hyperref: PDFDocEncoding definition (HO)
Now handling font encoding PD1 ...
... no UTF-8 mapping file for font encoding PD1
)
\Hy@SavedSpaceFactor=\count96

(/usr/share/texmf-dist/tex/latex/latexconfig/hyperref.cfg
File: hyperref.cfg 2002/06/06 v1.2 hyperref configuration of TeXLive
)
Package hyperref Info: Hyper figures OFF on input line 4540.
Package hyperref Info: Link nesting OFF on input line 4545.
Package hyperref Info: Hyper index ON on input line 4548.
Package hyperref Info: Plain pages OFF on input line 4555.
Package hyperref Info: Backreferencing OFF on input line 4560.
Package hyperref Info: Implicit mode ON; LaTeX internals redefined.
Package hyperref Info: Bookmarks ON on input line 4793.
\c@Hy@tempcnt=\count97

(/usr/share/texmf-dist/tex/latex/url/url.sty
\Urlmuskip=\muskip10
Package: url 2013/09/16  ver 3.4  Verb mode for urls, etc.
)
LaTeX Info: Redefining \url on input line 5152.
\XeTeXLinkMargin=\dimen115
\Fld@menulength=\count98
\Field@Width=\dimen116
\Fld@charsize=\dimen117
Package hyperref Info: Hyper figures OFF on input line 6423.
Package hyperref Info: Link nesting OFF on input line 6428.
Package hyperref Info: Hyper index ON on input line 6431.
Package hyperref Info: backreferencing OFF on input line 6438.
Package hyperref Info: Link coloring OFF on input line 6443.
Package hyperref Info: Link coloring with OCG OFF on input line 6448.
Package hyperref Info: PDF/A mode OFF on input line 6453.
LaTeX Info: Redefining \ref on input line 6493.
LaTeX Info: Redefining \pageref on input line 6497.
\Hy@abspage=\count99
\c@Item=\count100
\c@Hfootnote=\count101
)
Package hyperref Info: Driver (autodetected): hpdftex.

(/usr/share/texmf-dist/tex/latex/hyperref/hpdftex.def
File: hpdftex.def 2019/09/28 v7.00a Hyperref driver for pdfTeX
\Fld@listcount=\count102
\c@bookmark@seq@number=\count103

(/usr/share/texmf-dist/tex/latex/oberdiek/rerunfilecheck.sty
Package: rerunfilecheck 2016/05/16 v1.8 Rerun checks for auxiliary files (HO)
Package uniquecounter Info: New unique counter `rerunfilecheck' on input line 2
82.
)
\Hy@SectionHShift=\skip45
)
(/usr/share/texmf-dist/tex/latex/animate/animate.sty
Package: animate 2019/08/20 PDF & SVG animations from files and inline graphics


(/usr/share/texmf-dist/tex/latex/xkeyval/xkeyval.sty
Package: xkeyval 2014/12/03 v2.7a package option processing (HA)

(/usr/share/texmf-dist/tex/generic/xkeyval/xkeyval.tex
(/usr/share/texmf-dist/tex/generic/xkeyval/xkvutils.tex
\XKV@toks=\toks18
\XKV@tempa@toks=\toks19
)
\XKV@depth=\count104
File: xkeyval.tex 2014/12/03 v2.7a key=value parser (HA)
))
(/usr/share/texmf-dist/tex/latex/base/ifthen.sty
Package: ifthen 2014/09/29 v1.1c Standard LaTeX ifthen package (DPC)
)
(/usr/share/texmf-dist/tex/latex/oberdiek/ifdraft.sty
Package: ifdraft 2016/05/16 v1.4 Detect class options draft and final (HO)
)
(/usr/share/texmf-dist/tex/latex/tools/calc.sty
Package: calc 2017/05/25 v4.3 Infix arithmetic (KKT,FJ)
\calc@Acount=\count105
\calc@Bcount=\count106
\calc@Adimen=\dimen118
\calc@Bdimen=\dimen119
\calc@Askip=\skip46
\calc@Bskip=\skip47
LaTeX Info: Redefining \setlength on input line 80.
LaTeX Info: Redefining \addtolength on input line 81.
\calc@Ccount=\count107
\calc@Cskip=\skip48
)
(/usr/share/texmf-dist/tex/latex/oberdiek/zref-abspage.sty
Package: zref-abspage 2018/11/21 v2.27 Module abspage for zref (HO)

(/usr/share/texmf-dist/tex/latex/oberdiek/zref-base.sty
Package: zref-base 2018/11/21 v2.27 Module base for zref (HO)
Package zref Info: New property list: main on input line 759.
Package zref Info: New property: default on input line 760.
Package zref Info: New property: page on input line 761.
)
\c@abspage=\count108
Package zref Info: New property: abspage on input line 62.
)
(/usr/share/texmf-dist/tex/latex/media9/pdfbase.sty
(/usr/share/texmf-dist/tex/latex/l3kernel/expl3.sty
Package: expl3 2019-10-28 L3 programming layer (loader) 

(/usr/share/texmf-dist/tex/latex/l3kernel/expl3-code.tex
Package: expl3 2019-10-28 L3 programming layer (code)
\c_max_int=\count109
\l_tmpa_int=\count110
\l_tmpb_int=\count111
\g_tmpa_int=\count112
\g_tmpb_int=\count113
\l__seq_internal_a_int=\count114
\l__seq_internal_b_int=\count115
\g__kernel_prg_map_int=\count116
\c__ior_term_noprompt_ior=\count117
\c_log_iow=\count118
\l_iow_line_count_int=\count119
\l__iow_line_target_int=\count120
\l__iow_one_indent_int=\count121
\l__iow_indent_int=\count122
\c_zero_dim=\dimen120
\c_max_dim=\dimen121
\l_tmpa_dim=\dimen122
\l_tmpb_dim=\dimen123
\g_tmpa_dim=\dimen124
\g_tmpb_dim=\dimen125
\c_zero_skip=\skip49
\c_max_skip=\skip50
\l_tmpa_skip=\skip51
\l_tmpb_skip=\skip52
\g_tmpa_skip=\skip53
\g_tmpb_skip=\skip54
\c_zero_muskip=\muskip11
\c_max_muskip=\muskip12
\l_tmpa_muskip=\muskip13
\l_tmpb_muskip=\muskip14
\g_tmpa_muskip=\muskip15
\g_tmpb_muskip=\muskip16
\l_keys_choice_int=\count123
\l__intarray_loop_int=\count124
\c__intarray_sp_dim=\dimen126
\g__intarray_font_int=\count125
\c__fp_leading_shift_int=\count126
\c__fp_middle_shift_int=\count127
\c__fp_trailing_shift_int=\count128
\c__fp_big_leading_shift_int=\count129
\c__fp_big_middle_shift_int=\count130
\c__fp_big_trailing_shift_int=\count131
\c__fp_Bigg_leading_shift_int=\count132
\c__fp_Bigg_middle_shift_int=\count133
\c__fp_Bigg_trailing_shift_int=\count134
\c__kernel_randint_max_int=\count135
\g__fp_array_int=\count136
\l__fp_array_loop_int=\count137
\l__sort_length_int=\count138
\l__sort_min_int=\count139
\l__sort_top_int=\count140
\l__sort_max_int=\count141
\l__sort_true_max_int=\count142
\l__sort_block_int=\count143
\l__sort_begin_int=\count144
\l__sort_end_int=\count145
\l__sort_A_int=\count146
\l__sort_B_int=\count147
\l__sort_C_int=\count148
\l__str_internal_int=\count149
\c__str_replacement_char_int=\count150
\l__tl_analysis_normal_int=\count151
\l__tl_analysis_index_int=\count152
\l__tl_analysis_nesting_int=\count153
\l__tl_analysis_type_int=\count154
\l__regex_internal_a_int=\count155
\l__regex_internal_b_int=\count156
\l__regex_internal_c_int=\count157
\l__regex_balance_int=\count158
\l__regex_group_level_int=\count159
\l__regex_mode_int=\count160
\c__regex_cs_in_class_mode_int=\count161
\c__regex_cs_mode_int=\count162
\l__regex_catcodes_int=\count163
\l__regex_default_catcodes_int=\count164
\c__regex_catcode_D_int=\count165
\c__regex_catcode_S_int=\count166
\c__regex_catcode_L_int=\count167
\c__regex_catcode_O_int=\count168
\c__regex_catcode_A_int=\count169
\c__regex_all_catcodes_int=\count170
\l__regex_show_lines_int=\count171
\l__regex_min_state_int=\count172
\l__regex_max_state_int=\count173
\l__regex_left_state_int=\count174
\l__regex_right_state_int=\count175
\l__regex_capturing_group_int=\count176
\l__regex_min_pos_int=\count177
\l__regex_max_pos_int=\count178
\l__regex_curr_pos_int=\count179
\l__regex_start_pos_int=\count180
\l__regex_success_pos_int=\count181
\l__regex_curr_char_int=\count182
\l__regex_curr_catcode_int=\count183
\l__regex_last_char_int=\count184
\l__regex_case_changed_char_int=\count185
\l__regex_curr_state_int=\count186
\l__regex_step_int=\count187
\l__regex_min_active_int=\count188
\l__regex_max_active_int=\count189
\l__regex_replacement_csnames_int=\count190
\l__regex_match_count_int=\count191
\l__regex_min_submatch_int=\count192
\l__regex_submatch_int=\count193
\l__regex_zeroth_submatch_int=\count194
\g__regex_trace_regex_int=\count195
\c_empty_box=\box27
\l_tmpa_box=\box28
\l_tmpb_box=\box29
\g_tmpa_box=\box30
\g_tmpb_box=\box31
\l__box_top_dim=\dimen127
\l__box_bottom_dim=\dimen128
\l__box_left_dim=\dimen129
\l__box_right_dim=\dimen130
\l__box_top_new_dim=\dimen131
\l__box_bottom_new_dim=\dimen132
\l__box_left_new_dim=\dimen133
\l__box_right_new_dim=\dimen134
\l__box_internal_box=\box32
\l__coffin_internal_box=\box33
\l__coffin_internal_dim=\dimen135
\l__coffin_offset_x_dim=\dimen136
\l__coffin_offset_y_dim=\dimen137
\l__coffin_x_dim=\dimen138
\l__coffin_y_dim=\dimen139
\l__coffin_x_prime_dim=\dimen140
\l__coffin_y_prime_dim=\dimen141
\c_empty_coffin=\box34
\l__coffin_aligned_coffin=\box35
\l__coffin_aligned_internal_coffin=\box36
\l_tmpa_coffin=\box37
\l_tmpb_coffin=\box38
\g_tmpa_coffin=\box39
\g_tmpb_coffin=\box40
\l__coffin_bounding_shift_dim=\dimen142
\l__coffin_left_corner_dim=\dimen143
\l__coffin_right_corner_dim=\dimen144
\l__coffin_bottom_corner_dim=\dimen145
\l__coffin_top_corner_dim=\dimen146
\l__coffin_scaled_total_height_dim=\dimen147
\l__coffin_scaled_width_dim=\dimen148
\c__coffin_empty_coffin=\box41
\l__coffin_display_coffin=\box42
\l__coffin_display_coord_coffin=\box43
\l__coffin_display_pole_coffin=\box44
\l__coffin_display_offset_dim=\dimen149
\l__coffin_display_x_dim=\dimen150
\l__coffin_display_y_dim=\dimen151
\g__char_data_ior=\read1

(/usr/share/texmf-dist/tex/latex/l3kernel/l3deprecation.def
File: l3deprecation.def 2019-04-06 v L3 Deprecated functions
))
(/usr/share/texmf-dist/tex/latex/l3backend/l3backend-pdfmode.def
File: l3backend-pdfmode.def 2019-04-06 L3 backend support: PDF mode
\l__kernel_color_stack_int=\count196
\l__pdf_internal_box=\box45
))
(/usr/share/texmf-dist/tex/latex/l3packages/l3keys2e/l3keys2e.sty
Package: l3keys2e 2019-10-11 LaTeX2e option processing using LaTeX3 keys
)
Package: pdfbase 2019/09/30 v0.34 driver independent access to low-level PDF fe
atures
\g_pbs_page_int=\count197
\g_pbs_oc_int=\count198
)
(/usr/share/texmf-dist/tex/latex/ocgx2/ocgbase.sty
Package: ocgbase 2019/07/04 v0.16 support package for ocgx2.sty
\g_ocgbase_nd_int=\count199
)
\@anim@box=\box46
\@anim@measbox=\box47
\@anim@tmpdima=\dimen152
\@anim@tmpdimb=\dimen153
\@anim@num=\count266
\@anim@curframe=\count267
\@anim@curframe@zb=\count268
\@anim@resizeflags=\count269
\@anim@skipfram=\count270
\@anim@mulframecnt=\count271
\@anim@@tmlnfile=\read2
\@anim@tmpcnt=\count272
\c@@anim@ltxcnt=\count273
\@anim@curlayer=\count274
\@anim@lineno=\count275
\@anim@curfield=\count276
\@anim@@resizeflags=\count277
)
(/usr/share/texmf-dist/tex/latex/caption/subcaption.sty
Package: subcaption 2019/09/01 v1.3a Sub-captions (AR)

(/usr/share/texmf-dist/tex/latex/caption/caption.sty
Package: caption 2019/09/01 v3.3d Customizing captions (AR)

(/usr/share/texmf-dist/tex/latex/caption/caption3.sty
Package: caption3 2019/09/01 v1.8d caption3 kernel (AR)
Package caption3 Info: TeX engine: e-TeX on input line 64.
\captionmargin=\dimen154
\captionmargin@=\dimen155
\captionwidth=\dimen156
\caption@tempdima=\dimen157
\caption@indent=\dimen158
\caption@parindent=\dimen159
\caption@hangindent=\dimen160
)
\c@caption@flags=\count278
\c@ContinuedFloat=\count279
Package caption Info: hyperref package is loaded.
)
\c@subfigure=\count280
\c@subtable=\count281
)
(/usr/share/texmf-dist/tex/latex/caption/newfloat.sty
Package: newfloat 2019/09/01 v1.1k Defining new floating environments (AR)
)
Package newfloat Info: New float `equ' with options `' on input line 15.
\c@equ=\count282
\newfloat@ftype=\count283
Package newfloat Info: float type `equ'=8 on input line 15.
\c@subequ=\count284

(/usr/share/texmf-dist/tex/latex/wrapfig/wrapfig.sty
\wrapoverhang=\dimen161
\WF@size=\dimen162
\c@WF@wrappedlines=\count285
\WF@box=\box48
\WF@everypar=\toks20
Package: wrapfig 2003/01/31  v 3.6
)
(/usr/share/texmf-dist/tex/latex/amsmath/amsmath.sty
Package: amsmath 2019/04/01 v2.17c AMS math features
\@mathmargin=\skip55

For additional information on amsmath, use the `?' option.
(/usr/share/texmf-dist/tex/latex/amsmath/amstext.sty
Package: amstext 2000/06/29 v2.01 AMS text

(/usr/share/texmf-dist/tex/latex/amsmath/amsgen.sty
File: amsgen.sty 1999/11/30 v2.0 generic functions
\@emptytoks=\toks21
\ex@=\dimen163
))
(/usr/share/texmf-dist/tex/latex/amsmath/amsbsy.sty
Package: amsbsy 1999/11/29 v1.2d Bold Symbols
\pmbraise@=\dimen164
)
(/usr/share/texmf-dist/tex/latex/amsmath/amsopn.sty
Package: amsopn 2016/03/08 v2.02 operator names
)
\inf@bad=\count286
LaTeX Info: Redefining \frac on input line 227.
\uproot@=\count287
\leftroot@=\count288
LaTeX Info: Redefining \overline on input line 389.
\classnum@=\count289
\DOTSCASE@=\count290
LaTeX Info: Redefining \ldots on input line 486.
LaTeX Info: Redefining \dots on input line 489.
LaTeX Info: Redefining \cdots on input line 610.
\Mathstrutbox@=\box49
\strutbox@=\box50
\big@size=\dimen165
LaTeX Font Info:    Redeclaring font encoding OML on input line 733.
LaTeX Font Info:    Redeclaring font encoding OMS on input line 734.
\macc@depth=\count291
\c@MaxMatrixCols=\count292
\dotsspace@=\muskip17
\c@parentequation=\count293
\dspbrk@lvl=\count294
\tag@help=\toks22
\row@=\count295
\column@=\count296
\maxfields@=\count297
\andhelp@=\toks23
\eqnshift@=\dimen166
\alignsep@=\dimen167
\tagshift@=\dimen168
\tagwidth@=\dimen169
\totwidth@=\dimen170
\lineht@=\dimen171
\@envbody=\toks24
\multlinegap=\skip56
\multlinetaggap=\skip57
\mathdisplay@stack=\toks25
LaTeX Info: Redefining \[ on input line 2855.
LaTeX Info: Redefining \] on input line 2856.
)
(/usr/share/texmf-dist/tex/latex/movie15/movie15.sty
Package: movie15 2012/05/16

(/usr/share/texmf-dist/tex/latex/ms/everyshi.sty
Package: everyshi 2001/05/15 v3.00 EveryShipout Package (MS)
)
\@MXV@page=\count298
\@MXV@adict=\count299
\@MXV@aadict=\count300
\@MXV@includes=\count301
\@MXV@players=\count302
\@MXV@links=\count303
\@MXV@width=\dimen172
\@MXV@height=\dimen173
\@MXV@depth=\dimen174
\@MXV@totalheight=\dimen175
\@MXV@@boxdepth=\dimen176
\@MXV@traiselen=\dimen177
\@MXV@braiselen=\dimen178
\@MXV@start=\dimen179
\@MXV@end=\dimen180
\@MXV@textbox=\box51
)
(/usr/share/texmf-dist/tex/latex/pdfpages/pdfpages.sty
Package: pdfpages 2019/09/21 v0.5n Insert pages of external PDF documents (AM)

(/usr/share/texmf-dist/tex/latex/eso-pic/eso-pic.sty
Package: eso-pic 2018/04/12 v2.0h eso-pic (RN)

(/usr/share/texmf-dist/tex/latex/xcolor/xcolor.sty
Package: xcolor 2016/05/11 v2.12 LaTeX color extensions (UK)

(/usr/share/texmf-dist/tex/latex/graphics-cfg/color.cfg
File: color.cfg 2016/01/02 v1.6 sample color configuration
)
Package xcolor Info: Driver file: pdftex.def on input line 225.
Package xcolor Info: Model `cmy' substituted by `cmy0' on input line 1348.
Package xcolor Info: Model `hsb' substituted by `rgb' on input line 1352.
Package xcolor Info: Model `RGB' extended on input line 1364.
Package xcolor Info: Model `HTML' substituted by `rgb' on input line 1366.
Package xcolor Info: Model `Hsb' substituted by `hsb' on input line 1367.
Package xcolor Info: Model `tHsb' substituted by `hsb' on input line 1368.
Package xcolor Info: Model `HSB' substituted by `hsb' on input line 1369.
Package xcolor Info: Model `Gray' substituted by `gray' on input line 1370.
Package xcolor Info: Model `wave' substituted by `hsb' on input line 1371.
))
\AM@pagewidth=\dimen181
\AM@pageheight=\dimen182

(/usr/share/texmf-dist/tex/latex/pdfpages/pppdftex.def
File: pppdftex.def 2019/09/21 v0.5n Pdfpages driver for pdfTeX (AM)
)
\AM@pagebox=\box52
\AM@global@opts=\toks26
\AM@toc@title=\toks27
\c@AM@survey=\count304
\AM@templatesizebox=\box53
)
(/usr/share/texmf-dist/tex/latex/booktabs/booktabs.sty
Package: booktabs 2019/10/08 v1.6180339 publication quality tables
\heavyrulewidth=\dimen183
\lightrulewidth=\dimen184
\cmidrulewidth=\dimen185
\belowrulesep=\dimen186
\belowbottomsep=\dimen187
\aboverulesep=\dimen188
\abovetopsep=\dimen189
\cmidrulesep=\dimen190
\cmidrulekern=\dimen191
\defaultaddspace=\dimen192
\@cmidla=\count305
\@cmidlb=\count306
\@aboverulesep=\dimen193
\@belowrulesep=\dimen194
\@thisruleclass=\count307
\@lastruleclass=\count308
\@thisrulewidth=\dimen195
)

LaTeX Warning: Unused global option(s):
    [10p].

(./Hausarbeit_Stilo.aux)
\openout1 = `Hausarbeit_Stilo.aux'.

LaTeX Font Info:    Checking defaults for OML/cmm/m/it on input line 27.
LaTeX Font Info:    ... okay on input line 27.
LaTeX Font Info:    Checking defaults for T1/cmr/m/n on input line 27.
LaTeX Font Info:    ... okay on input line 27.
LaTeX Font Info:    Checking defaults for OT1/cmr/m/n on input line 27.
LaTeX Font Info:    ... okay on input line 27.
LaTeX Font Info:    Checking defaults for OMS/cmsy/m/n on input line 27.
LaTeX Font Info:    ... okay on input line 27.
LaTeX Font Info:    Checking defaults for OMX/cmex/m/n on input line 27.
LaTeX Font Info:    ... okay on input line 27.
LaTeX Font Info:    Checking defaults for U/cmr/m/n on input line 27.
LaTeX Font Info:    ... okay on input line 27.
LaTeX Font Info:    Checking defaults for PD1/pdf/m/n on input line 27.
LaTeX Font Info:    ... okay on input line 27.

(/usr/share/texmf-dist/tex/context/base/mkii/supp-pdf.mkii
[Loading MPS to PDF converter (version 2006.09.02).]
\scratchcounter=\count309
\scratchdimen=\dimen196
\scratchbox=\box54
\nofMPsegments=\count310
\nofMParguments=\count311
\everyMPshowfont=\toks28
\MPscratchCnt=\count312
\MPscratchDim=\dimen197
\MPnumerator=\count313
\makeMPintoPDFobject=\count314
\everyMPtoPDFconversion=\toks29
) (/usr/share/texmf-dist/tex/latex/oberdiek/epstopdf-base.sty
Package: epstopdf-base 2016/05/15 v2.6 Base part for package epstopdf

(/usr/share/texmf-dist/tex/latex/oberdiek/grfext.sty
Package: grfext 2016/05/16 v1.2 Manage graphics extensions (HO)
)
Package epstopdf-base Info: Redefining graphics rule for `.eps' on input line 4
38.
Package grfext Info: Graphics extension search list:
(grfext)             [.pdf,.png,.jpg,.mps,.jpeg,.jbig2,.jb2,.PDF,.PNG,.JPG,.JPE
G,.JBIG2,.JB2,.eps]
(grfext)             \AppendGraphicsExtensions on input line 456.

(/usr/share/texmf-dist/tex/latex/latexconfig/epstopdf-sys.cfg
File: epstopdf-sys.cfg 2010/07/13 v1.3 Configuration of (r)epstopdf for TeX Liv
e
))
*geometry* driver: auto-detecting
*geometry* detected driver: pdftex
*geometry* verbose mode - [ preamble ] result:
* driver: pdftex
* paper: a4paper
* layout: <same size as paper>
* layoutoffset:(h,v)=(0.0pt,0.0pt)
* modes: 
* h-part:(L,W,R)=(85.35826pt, 398.3386pt, 113.81102pt)
* v-part:(T,H,B)=(71.13188pt, 717.00946pt, 56.9055pt)
* \paperwidth=597.50787pt
* \paperheight=845.04684pt
* \textwidth=398.3386pt
* \textheight=717.00946pt
* \oddsidemargin=13.08827pt
* \evensidemargin=13.08827pt
* \topmargin=-38.1381pt
* \headheight=12.0pt
* \headsep=25.0pt
* \topskip=10.0pt
* \footskip=30.0pt
* \marginparwidth=57.0pt
* \marginparsep=11.0pt
* \columnsep=10.0pt
* \skip\footins=9.0pt plus 4.0pt minus 2.0pt
* \hoffset=0.0pt
* \voffset=0.0pt
* \mag=1000
* \@twocolumnfalse
* \@twosidefalse
* \@mparswitchfalse
* \@reversemarginfalse
* (1in=72.27pt=25.4mm, 1cm=28.453pt)

\AtBeginShipoutBox=\box55
Package hyperref Info: Link coloring OFF on input line 27.
(/usr/share/texmf-dist/tex/latex/hyperref/nameref.sty
Package: nameref 2019/09/16 v2.46 Cross-referencing by name of section

(/usr/share/texmf-dist/tex/generic/oberdiek/gettitlestring.sty
Package: gettitlestring 2016/05/16 v1.5 Cleanup title references (HO)
)
\c@section@level=\count315
)
LaTeX Info: Redefining \ref on input line 27.
LaTeX Info: Redefining \pageref on input line 27.
LaTeX Info: Redefining \nameref on input line 27.

(./Hausarbeit_Stilo.out) (./Hausarbeit_Stilo.out)
\@outlinefile=\write3
\openout3 = `Hausarbeit_Stilo.out'.

Package caption Info: Begin \AtBeginDocument code.
Package caption Info: wrapfig package is loaded.
Package caption Info: End \AtBeginDocument code.
Package newfloat Info: `wrapfig' package detected.

ABD: EveryShipout initializing macros
(/usr/share/texmf-dist/tex/latex/oberdiek/pdflscape.sty
Package: pdflscape 2016/05/14 v0.11 Display of landscape pages in PDF (HO)

(/usr/share/texmf-dist/tex/latex/graphics/lscape.sty
Package: lscape 2000/10/22 v3.01 Landscape Pages (DPC)
)
Package pdflscape Info: Auto-detected driver: pdftex on input line 81.
) (./Hausarbeit_Stilo.toc)
\tf@toc=\write4
\openout4 = `Hausarbeit_Stilo.toc'.

[1

{/var/lib/texmf/fonts/map/pdftex/updmap/pdftex.map}] (./Hausarbeit_Stilo.lof)
\tf@lof=\write5
\openout5 = `Hausarbeit_Stilo.lof'.

[2]

Package natbib Warning: Citation `Juola2015' on page 3 undefined on input line 
38.


Overfull \hbox (3.30104pt too wide) in paragraph at lines 40--41
[]\OT1/cmr/m/n/10 Die Au-tor-schaft-sat-tri-bu-ti-on mit Hil-fe sti-lo-me-tri-s
cher Me-tho-den an-hand in-halt-li-cher Merk-
 []

[3]

Package natbib Warning: Citation `ComputationalStylisticsGroup' on page 4 undef
ined on input line 69.


Package natbib Warning: Citation `ELTEC' on page 4 undefined on input line 73.


Package natbib Warning: Citation `textgrid' on page 4 undefined on input line 7
3.

[4]
<BilderTheorie/pca_mfw.png, id=158, 1165.35374pt x 577.15625pt>
File: BilderTheorie/pca_mfw.png Graphic file (type png)
<use BilderTheorie/pca_mfw.png>
Package pdftex.def Info: BilderTheorie/pca_mfw.png  used on input line 80.
(pdftex.def)             Requested size: 239.00558pt x 118.37064pt.


Package natbib Warning: Citation `Sentiws' on page 5 undefined on input line 85
.


Underfull \hbox (badness 1259) in paragraph at lines 85--85
\OT1/cmr/m/n/10 ner PCA wer-den in Ab-bil-dung
 []

[5 <./BilderTheorie/pca_mfw.png>]
Overfull \hbox (5.09476pt too wide) in paragraph at lines 87--87
\OT1/cmr/m/n/10 onsw[]orter ge-eig-net sind. Des-halb dient die Ana-ly-se mit \
OT1/cmr/m/it/10 Sent-Text \OT1/cmr/m/n/10 zun[]achst nur als Best[]atigung,
 []


Package natbib Warning: Citation `Krah2006' on page 6 undefined on input line 9
5.


Package natbib Warning: Citation `SchweikleGunther;Burdorf2007' on page 6 undef
ined on input line 95.


Package natbib Warning: Citation `Krah2006' on page 6 undefined on input line 9
7.

[6]

Package natbib Warning: Citation `SchweikleGunther;Burdorf2007' on page 7 undef
ined on input line 99.


Overfull \hbox (19.17589pt too wide) in paragraph at lines 99--99
[]\OT1/cmr/m/n/10 Epische Tex-te zeich-nen sich im Ge-gen-satz da-zu durch die 
Erz[]ahlinstanz und Erz[]ahlgegenstand
 []


Package natbib Warning: Citation `Krah2006' on page 7 undefined on input line 1
01.


Package natbib Warning: Citation `Krah2006' on page 7 undefined on input line 1
01.


Package natbib Warning: Citation `KleinginnaPaulR;Kleinginna1981' on page 7 und
efined on input line 106.

<BilderTheorie/plutchik_wheel.png, id=173, 301.125pt x 305.14pt>
File: BilderTheorie/plutchik_wheel.png Graphic file (type png)
<use BilderTheorie/plutchik_wheel.png>
Package pdftex.def Info: BilderTheorie/plutchik_wheel.png  used on input line 1
09.
(pdftex.def)             Requested size: 199.1693pt x 201.83067pt.

Package natbib Warning: Citation `Hillebrandt2011' on page 7 undefined on input
 line 114.


Underfull \hbox (badness 1418) in paragraph at lines 114--114
\OT1/cmr/m/n/10 au-to-ma-ti-sier-te Er-ken-nen von Emo-tio-nen
 []


Package wrapfig Warning: Collision between wrapping environments on input line 
116.

<BilderTheorie/Plutchik_Dyads.png, id=174, 1017.44824pt x 1017.44824pt>
File: BilderTheorie/Plutchik_Dyads.png Graphic file (type png)
<use BilderTheorie/Plutchik_Dyads.png>
Package pdftex.def Info: BilderTheorie/Plutchik_Dyads.png  used on input line 1
17.
(pdftex.def)             Requested size: 199.1693pt x 199.17009pt.

Package wrapfig Warning: Stationary wrapfigure forced to float on input line 12
2.


Package natbib Warning: Citation `Plutchik' on page 7 undefined on input line 1
22.

[7 <./BilderTheorie/plutchik_wheel.png>]

Package natbib Warning: Citation `Plutchik' on page 8 undefined on input line 1
24.


Underfull \hbox (badness 1430) in paragraph at lines 124--124
[][]\OT1/cmr/m/n/10 Neben den prim[]aren Emo-tio-nen hat
 []


Underfull \hbox (badness 1005) in paragraph at lines 124--124
\OT1/cmr/m/n/10 ein-an-der ent-fernt sind. Vier Fel-der ent-
 []


Package natbib Warning: Citation `Plutchik' on page 8 undefined on input line 1
26.


Package natbib Warning: Citation `Bloss2005' on page 8 undefined on input line 
132.


Package natbib Warning: Citation `Bloss2005' on page 8 undefined on input line 
134.


Package natbib Warning: Citation `Bloss2005' on page 8 undefined on input line 
134.

[8 <./BilderTheorie/Plutchik_Dyads.png>]

Package natbib Warning: Citation `Blossg2005' on page 9 undefined on input line
 136.


Package natbib Warning: Citation `SchoechZeta' on page 9 undefined on input lin
e 140.


Package natbib Warning: Citation `SchoechZeta' on page 9 undefined on input lin
e 142.


Package natbib Warning: Citation `SchoechZeta' on page 9 undefined on input lin
e 148.

[9]
Underfull \hbox (badness 10000) in paragraph at lines 152--154

 []


Package natbib Warning: Citation `SchoechZeta' on page 10 undefined on input li
ne 155.


Underfull \hbox (badness 10000) in paragraph at lines 155--156

 []


Package natbib Warning: Citation `SchoechZeta' on page 10 undefined on input li
ne 165.


Underfull \hbox (badness 10000) in paragraph at lines 165--166

 []


Package natbib Warning: Citation `SchoechZeta' on page 10 undefined on input li
ne 174.


Package natbib Warning: Citation `Dornseiff2000' on page 10 undefined on input 
line 176.


Package natbib Warning: Citation `Bloss2005' on page 10 undefined on input line
 176.


Package natbib Warning: Citation `Plutchik' on page 10 undefined on input line 
176.


Package natbib Warning: Citation `Sentiws' on page 10 undefined on input line 1
76.

[10]

Package natbib Warning: Citation `Stamatatos' on page 11 undefined on input lin
e 181.


Package natbib Warning: Citation `Evert2017a' on page 11 undefined on input lin
e 183.


Package natbib Warning: Citation `Evert2017a' on page 11 undefined on input lin
e 185.


Underfull \hbox (badness 10000) in paragraph at lines 185--186

 []

<BilderTheorie/haupt_alle_merkmale.png, id=209, 1806.75pt x 722.7pt>
File: BilderTheorie/haupt_alle_merkmale.png Graphic file (type png)
<use BilderTheorie/haupt_alle_merkmale.png>
Package pdftex.def Info: BilderTheorie/haupt_alle_merkmale.png  used on input l
ine 203.
(pdftex.def)             Requested size: 199.1693pt x 79.66264pt.
[11]
<BilderTheorie/haupt_stärkste_merkmale_boxplot.png, id=223, 1084.05pt x 722.7p
t>
File: BilderTheorie/haupt_stärkste_merkmale_boxplot.png Graphic file (type png
)
<use BilderTheorie/haupt_stärkste_merkmale_boxplot.png>
Package pdftex.def Info: BilderTheorie/haupt_stärkste_merkmale_boxplot.png  us
ed on input line 211.
(pdftex.def)             Requested size: 199.1693pt x 132.77109pt.
<BilderTheorie/haupt_adjektive_pro_wort.png, id=225, 1445.4pt x 2814.515pt>
File: BilderTheorie/haupt_adjektive_pro_wort.png Graphic file (type png)
<use BilderTheorie/haupt_adjektive_pro_wort.png>
Package pdftex.def Info: BilderTheorie/haupt_adjektive_pro_wort.png  used on in
put line 224.
(pdftex.def)             Requested size: 107.55177pt x 209.40462pt.
<BilderTheorie/haupt_adjektive_pro_wort2.png, id=226, 1445.4pt x 2834.59pt>
File: BilderTheorie/haupt_adjektive_pro_wort2.png Graphic file (type png)
<use BilderTheorie/haupt_adjektive_pro_wort2.png>
Package pdftex.def Info: BilderTheorie/haupt_adjektive_pro_wort2.png  used on i
nput line 231.
(pdftex.def)             Requested size: 107.55177pt x 210.89824pt.


LaTeX Warning: Reference `fig:haupt_adjektive' on page 12 undefined on input li
ne 238.


LaTeX Warning: Reference `fig:haupt_adjektive2' on page 12 undefined on input l
ine 238.

[12 <./BilderTheorie/haupt_adjektive_pro_wort.png> <./BilderTheorie/haupt_adjek
tive_pro_wort2.png> <./BilderTheorie/haupt_alle_merkmale.png> <./BilderTheorie/
haupt_stärkste_merkmale_boxplot.png>] [13]
<BilderTheorie/hauptkorpus_prowort_plutchik_kleiner.png, id=248, 433.62pt x 289
.08pt>
File: BilderTheorie/hauptkorpus_prowort_plutchik_kleiner.png Graphic file (type
 png)
<use BilderTheorie/hauptkorpus_prowort_plutchik_kleiner.png>
Package pdftex.def Info: BilderTheorie/hauptkorpus_prowort_plutchik_kleiner.png
  used on input line 246.
(pdftex.def)             Requested size: 199.1693pt x 132.7799pt.

Underfull \hbox (badness 2126) in paragraph at lines 251--251
\OT1/cmr/m/n/10 Plut-chik (in-klu-si-ve der Emo-ti-on \OT1/cmr/m/it/10 Lie-be\O
T1/cmr/m/n/10 )
 []

<BilderTheorie/haupt_sentiws_pro_wort.png, id=251, 1445.4pt x 3613.5pt>
File: BilderTheorie/haupt_sentiws_pro_wort.png Graphic file (type png)
<use BilderTheorie/haupt_sentiws_pro_wort.png>
Package pdftex.def Info: BilderTheorie/haupt_sentiws_pro_wort.png  used on inpu
t line 259.
(pdftex.def)             Requested size: 80.66246pt x 201.63783pt.
<BilderTheorie/haupt_sentiws_pro_wort2.png, id=252, 1445.4pt x 3613.5pt>
File: BilderTheorie/haupt_sentiws_pro_wort2.png Graphic file (type png)
<use BilderTheorie/haupt_sentiws_pro_wort2.png>
Package pdftex.def Info: BilderTheorie/haupt_sentiws_pro_wort2.png  used on inp
ut line 266.
(pdftex.def)             Requested size: 80.66246pt x 201.63783pt.

Package natbib Warning: Citation `Sentiws' on page 14 undefined on input line 2
72.


Package natbib Warning: Citation `Remus' on page 14 undefined on input line 272
.


LaTeX Warning: Reference `fig:haupt_sentiws' on page 14 undefined on input line
 272.


LaTeX Warning: Reference `fig:haupt_sentiws2' on page 14 undefined on input lin
e 272.

[14 <./BilderTheorie/haupt_sentiws_pro_wort.png> <./BilderTheorie/haupt_sentiws
_pro_wort2.png> <./BilderTheorie/hauptkorpus_prowort_plutchik_kleiner.png>]
<BilderTheorie/haupt_sprechmarker_pro_wort.png, id=263, 1445.4pt x 3613.5pt>
File: BilderTheorie/haupt_sprechmarker_pro_wort.png Graphic file (type png)
<use BilderTheorie/haupt_sprechmarker_pro_wort.png>
Package pdftex.def Info: BilderTheorie/haupt_sprechmarker_pro_wort.png  used on
 input line 278.
(pdftex.def)             Requested size: 179.25114pt x 448.10246pt.
File: BilderTheorie/haupt_sentiws_pro_wort2.png Graphic file (type png)
<use BilderTheorie/haupt_sentiws_pro_wort2.png>
Package pdftex.def Info: BilderTheorie/haupt_sentiws_pro_wort2.png  used on inp
ut line 285.
(pdftex.def)             Requested size: 179.25114pt x 448.10246pt.


LaTeX Warning: Reference `fig:haupt_sprechmarker' on page 15 undefined on input
 line 292.


LaTeX Warning: Reference `fig:haupt_sprechmarker2' on page 15 undefined on inpu
t line 292.

<BilderTheorie/haupt_sprechmarkerKurz_pro_wort.png, id=264, 1445.4pt x 3613.5pt
>
File: BilderTheorie/haupt_sprechmarkerKurz_pro_wort.png Graphic file (type png)

<use BilderTheorie/haupt_sprechmarkerKurz_pro_wort.png>
Package pdftex.def Info: BilderTheorie/haupt_sprechmarkerKurz_pro_wort.png  use
d on input line 295.
(pdftex.def)             Requested size: 159.333pt x 398.3133pt.
[15 <./BilderTheorie/haupt_sprechmarker_pro_wort.png>]
<BilderTheorie/haupt_epik_sprechmarker_mfw.png, id=272, 1806.75pt x 722.7pt>
File: BilderTheorie/haupt_epik_sprechmarker_mfw.png Graphic file (type png)
<use BilderTheorie/haupt_epik_sprechmarker_mfw.png>
Package pdftex.def Info: BilderTheorie/haupt_epik_sprechmarker_mfw.png  used on
 input line 312.
(pdftex.def)             Requested size: 159.333pt x 63.72792pt.
 [16 <./BilderTheorie/haupt_sprechmarkerKurz_pro_wort.png> <./BilderTheorie/hau
pt_epik_sprechmarker_mfw.png>]
<BilderTheorie/autoren_alle_merkmale.png, id=282, 1806.75pt x 722.7pt>
File: BilderTheorie/autoren_alle_merkmale.png Graphic file (type png)
<use BilderTheorie/autoren_alle_merkmale.png>
Package pdftex.def Info: BilderTheorie/autoren_alle_merkmale.png  used on input
 line 326.
(pdftex.def)             Requested size: 258.91765pt x 103.55925pt.

Underfull \hbox (badness 1859) in paragraph at lines 331--331
\OT1/cmr/m/n/10 wir-ken. So bleibt die Ver-
 []

<BilderTheorie/autoren_sprechmarker_lang_pro_wort.png, id=283, 1445.4pt x 3613.
5pt>
File: BilderTheorie/autoren_sprechmarker_lang_pro_wort.png Graphic file (type p
ng)
<use BilderTheorie/autoren_sprechmarker_lang_pro_wort.png>
Package pdftex.def Info: BilderTheorie/autoren_sprechmarker_lang_pro_wort.png  
used on input line 339.
(pdftex.def)             Requested size: 179.25114pt x 448.10246pt.
<BilderTheorie/autoren_sprechmarker_lang_pro_wort2.png, id=284, 1445.4pt x 3613
.5pt>
File: BilderTheorie/autoren_sprechmarker_lang_pro_wort2.png Graphic file (type 
png)
<use BilderTheorie/autoren_sprechmarker_lang_pro_wort2.png>
Package pdftex.def Info: BilderTheorie/autoren_sprechmarker_lang_pro_wort2.png 
 used on input line 346.
(pdftex.def)             Requested size: 179.25114pt x 448.10246pt.

LaTeX Warning: Reference `fig:autoren_sprechmarker' on page 17 undefined on inp
ut line 352.


LaTeX Warning: Reference `fig:autoren_sprechmarker2' on page 17 undefined on in
put line 352.


LaTeX Warning: Reference `fig:haupt_sprechmarker' on page 17 undefined on input
 line 352.


LaTeX Warning: Reference `fig:haupt_sprechmarker2' on page 17 undefined on inpu
t line 352.

[17 <./BilderTheorie/autoren_alle_merkmale.png>] [18 <./BilderTheorie/autoren_s
prechmarker_lang_pro_wort.png> <./BilderTheorie/autoren_sprechmarker_lang_pro_w
ort2.png>] [19] [20]

LaTeX Warning: Reference `fig:vergleich_klein_epik' on page 21 undefined on inp
ut line 374.

<BilderTheorie/vergleich_epik_sentiemo_mfw.png, id=312, 1806.75pt x 722.7pt>
File: BilderTheorie/vergleich_epik_sentiemo_mfw.png Graphic file (type png)
<use BilderTheorie/vergleich_epik_sentiemo_mfw.png>
Package pdftex.def Info: BilderTheorie/vergleich_epik_sentiemo_mfw.png  used on
 input line 380.
(pdftex.def)             Requested size: 179.25114pt x 71.70079pt.
<BilderTheorie/fontane_epik_sentiws+emotion_mfw.png, id=313, 1806.75pt x 722.7p
t>
File: BilderTheorie/fontane_epik_sentiws+emotion_mfw.png Graphic file (type png
)
<use BilderTheorie/fontane_epik_sentiws+emotion_mfw.png>
Package pdftex.def Info: BilderTheorie/fontane_epik_sentiws+emotion_mfw.png  us
ed on input line 387.
(pdftex.def)             Requested size: 179.25114pt x 71.70079pt.
[21 <./BilderTheorie/vergleich_epik_sentiemo_mfw.png> <./BilderTheorie/fontane_
epik_sentiws+emotion_mfw.png>]
<BilderTheorie/autoren_delta_samedif_genre.png, id=324, 433.62pt x 289.08pt>
File: BilderTheorie/autoren_delta_samedif_genre.png Graphic file (type png)
<use BilderTheorie/autoren_delta_samedif_genre.png>
Package pdftex.def Info: BilderTheorie/autoren_delta_samedif_genre.png  used on
 input line 405.
(pdftex.def)             Requested size: 258.91765pt x 172.62006pt.
 [22]
Overfull \hbox (19.4682pt too wide) in paragraph at lines 411--411
[][]\OT1/cmr/m/n/10 Bevor die-se An-nah-me best[]atigt
 []

<BilderTheorie/autoren_sprechmarker_zscores.png, id=331, 1445.4pt x 722.7pt>
File: BilderTheorie/autoren_sprechmarker_zscores.png Graphic file (type png)
<use BilderTheorie/autoren_sprechmarker_zscores.png>
Package pdftex.def Info: BilderTheorie/autoren_sprechmarker_zscores.png  used o
n input line 416.
(pdftex.def)             Requested size: 258.91765pt x 129.45181pt.
[23 <./BilderTheorie/autoren_delta_samedif_genre.png> <./BilderTheorie/autoren_
sprechmarker_zscores.png>]

LaTeX Warning: Reference `fig:autoren_100cos' on page 24 undefined on input lin
e 430.

[24]
<BilderTheorie/autoren_100cos_gattung.png, id=345, 1445.4pt x 722.7pt>
File: BilderTheorie/autoren_100cos_gattung.png Graphic file (type png)
<use BilderTheorie/autoren_100cos_gattung.png>
Package pdftex.def Info: BilderTheorie/autoren_100cos_gattung.png  used on inpu
t line 436.
(pdftex.def)             Requested size: 179.25114pt x 89.62048pt.
<BilderTheorie/autoren_segmente_100cos_gattung.png, id=346, 1445.4pt x 722.7pt>

File: BilderTheorie/autoren_segmente_100cos_gattung.png Graphic file (type png)

<use BilderTheorie/autoren_segmente_100cos_gattung.png>
Package pdftex.def Info: BilderTheorie/autoren_segmente_100cos_gattung.png  use
d on input line 442.
(pdftex.def)             Requested size: 179.25114pt x 89.62048pt.
 [25 <./BilderTheorie/autoren_100cos_gattung.png> <./BilderTheorie/autoren_segm
ente_100cos_gattung.png>]
<BilderTheorie/vergleich_100cos_gattung.png, id=356, 1445.4pt x 722.7pt>
File: BilderTheorie/vergleich_100cos_gattung.png Graphic file (type png)
<use BilderTheorie/vergleich_100cos_gattung.png>
Package pdftex.def Info: BilderTheorie/vergleich_100cos_gattung.png  used on in
put line 458.
(pdftex.def)             Requested size: 258.91765pt x 129.45181pt.

Underfull \hbox (badness 6188) in paragraph at lines 464--464
[][]\OT1/cmr/m/n/10 Anstatt nur ver-ein-zel-te
 []

[26 <./BilderTheorie/vergleich_100cos_gattung.png>]
<BilderTheorie/cutoffs_all.png, id=365, 1445.4pt x 722.7pt>
File: BilderTheorie/cutoffs_all.png Graphic file (type png)
<use BilderTheorie/cutoffs_all.png>
Package pdftex.def Info: BilderTheorie/cutoffs_all.png  used on input line 467.

(pdftex.def)             Requested size: 258.91765pt x 129.45181pt.


LaTeX Warning: Reference `deltacutoff' on page 27 undefined on input line 472.


Underfull \hbox (badness 4595) in paragraph at lines 472--473
[][]\OT1/cmr/m/n/10 Obwohl die-se Re-sul-ta-te
 []


Overfull \hbox (3.5237pt too wide) in paragraph at lines 472--473
\OT1/cmr/m/n/10 zun[]achst zu-frie-den-stel-lend wir-
 []


Underfull \hbox (badness 3058) in paragraph at lines 472--473
\OT1/cmr/m/n/10 teil der Cosinus-Werte die
 []

[27 <./BilderTheorie/cutoffs_all.png>] (./Hausarbeit_Stilo.bbl

Package natbib Warning: Empty `thebibliography' environment on input line 3.

)

Package natbib Warning: There were undefined citations.


Package movie15 Warning: @@@@@@@@@@@@@@@@@@@@@@@@@@@@@@@@@@@@@@@
(movie15)                @@ Package `movie15' is obsolete and @@
(movie15)                @@ superseded by `media9'.           @@
(movie15)                @@@@@@@@@@@@@@@@@@@@@@@@@@@@@@@@@@@@@@@.

Package atveryend Info: Empty hook `BeforeClearDocument' on input line 491.
[28]
Package atveryend Info: Empty hook `AfterLastShipout' on input line 491.
 (./Hausarbeit_Stilo.aux)
Package atveryend Info: Executing hook `AtVeryEndDocument' on input line 491.
Package atveryend Info: Executing hook `AtEndAfterFileList' on input line 491.
Package rerunfilecheck Info: File `Hausarbeit_Stilo.out' has not changed.
(rerunfilecheck)             Checksum: 4E4033B90C898DF2428CFA6187905B30;700.


LaTeX Warning: There were undefined references.

Package atveryend Info: Empty hook `AtVeryVeryEnd' on input line 491.
 ) 
Here is how much of TeX's memory you used:
 21247 strings out of 492167
 366993 string characters out of 6131558
 518226 words of memory out of 5000000
 25309 multiletter control sequences out of 15000+600000
 538728 words of font info for 46 fonts, out of 8000000 for 9000
 1141 hyphenation exceptions out of 8191
 62i,9n,100p,1771b,467s stack positions out of 5000i,500n,10000p,200000b,80000s
</usr/share/texmf-dist/fonts/type1/public/amsfonts/cm/cmbx10.pfb></usr/share/
texmf-dist/fonts/type1/public/amsfonts/cm/cmbx12.pfb></usr/share/texmf-dist/fon
ts/type1/public/amsfonts/cm/cmbx8.pfb></usr/share/texmf-dist/fonts/type1/public
/amsfonts/cm/cmex10.pfb></usr/share/texmf-dist/fonts/type1/public/amsfonts/cm/c
mmi10.pfb></usr/share/texmf-dist/fonts/type1/public/amsfonts/cm/cmmi7.pfb></usr
/share/texmf-dist/fonts/type1/public/amsfonts/cm/cmr10.pfb></usr/share/texmf-di
st/fonts/type1/public/amsfonts/cm/cmr12.pfb></usr/share/texmf-dist/fonts/type1/
public/amsfonts/cm/cmr17.pfb></usr/share/texmf-dist/fonts/type1/public/amsfonts
/cm/cmr6.pfb></usr/share/texmf-dist/fonts/type1/public/amsfonts/cm/cmr7.pfb></u
sr/share/texmf-dist/fonts/type1/public/amsfonts/cm/cmr8.pfb></usr/share/texmf-d
ist/fonts/type1/public/amsfonts/cm/cmsy10.pfb></usr/share/texmf-dist/fonts/type
1/public/amsfonts/cm/cmsy7.pfb></usr/share/texmf-dist/fonts/type1/public/amsfon
ts/cm/cmti10.pfb></usr/share/texmf-dist/fonts/type1/public/amsfonts/cm/cmti8.pf
b>
Output written on Hausarbeit_Stilo.pdf (28 pages, 1489571 bytes).
PDF statistics:
 451 PDF objects out of 1000 (max. 8388607)
 353 compressed objects within 4 object streams
 85 named destinations out of 1000 (max. 500000)
 225 words of extra memory for PDF output out of 10000 (max. 10000000)

