This is pdfTeX, Version 3.14159265-2.6-1.40.19 (TeX Live 2019/dev/Debian) (preloaded format=pdflatex 2020.2.25)  16 JUL 2020 22:41
entering extended mode
 restricted \write18 enabled.
 %&-line parsing enabled.
**Stilo_HA2
(./Stilo_HA2.tex
LaTeX2e <2018-12-01>
(/usr/share/texlive/texmf-dist/tex/latex/base/article.cls
Document Class: article 2018/09/03 v1.4i Standard LaTeX document class
(/usr/share/texlive/texmf-dist/tex/latex/base/size10.clo
File: size10.clo 2018/09/03 v1.4i Standard LaTeX file (size option)
)
\c@part=\count80
\c@section=\count81
\c@subsection=\count82
\c@subsubsection=\count83
\c@paragraph=\count84
\c@subparagraph=\count85
\c@figure=\count86
\c@table=\count87
\abovecaptionskip=\skip41
\belowcaptionskip=\skip42
\bibindent=\dimen102
)
(/usr/share/texlive/texmf-dist/tex/latex/base/inputenc.sty
Package: inputenc 2018/08/11 v1.3c Input encoding file
\inpenc@prehook=\toks14
\inpenc@posthook=\toks15
)
(/usr/share/texlive/texmf-dist/tex/latex/graphics/graphicx.sty
Package: graphicx 2017/06/01 v1.1a Enhanced LaTeX Graphics (DPC,SPQR)

(/usr/share/texlive/texmf-dist/tex/latex/graphics/keyval.sty
Package: keyval 2014/10/28 v1.15 key=value parser (DPC)
\KV@toks@=\toks16
)
(/usr/share/texlive/texmf-dist/tex/latex/graphics/graphics.sty
Package: graphics 2017/06/25 v1.2c Standard LaTeX Graphics (DPC,SPQR)

(/usr/share/texlive/texmf-dist/tex/latex/graphics/trig.sty
Package: trig 2016/01/03 v1.10 sin cos tan (DPC)
)
(/usr/share/texlive/texmf-dist/tex/latex/graphics-cfg/graphics.cfg
File: graphics.cfg 2016/06/04 v1.11 sample graphics configuration
)
Package graphics Info: Driver file: pdftex.def on input line 99.

(/usr/share/texlive/texmf-dist/tex/latex/graphics-def/pdftex.def
File: pdftex.def 2018/01/08 v1.0l Graphics/color driver for pdftex
))
\Gin@req@height=\dimen103
\Gin@req@width=\dimen104
)
(/usr/share/texlive/texmf-dist/tex/latex/natbib/natbib.sty
Package: natbib 2010/09/13 8.31b (PWD, AO)
\bibhang=\skip43
\bibsep=\skip44
LaTeX Info: Redefining \cite on input line 694.
\c@NAT@ctr=\count88
)
(/usr/share/texlive/texmf-dist/tex/latex/setspace/setspace.sty
Package: setspace 2011/12/19 v6.7a set line spacing
)
(/usr/share/texlive/texmf-dist/tex/latex/geometry/geometry.sty
Package: geometry 2018/04/16 v5.8 Page Geometry

(/usr/share/texlive/texmf-dist/tex/generic/oberdiek/ifpdf.sty
Package: ifpdf 2018/09/07 v3.3 Provides the ifpdf switch
)
(/usr/share/texlive/texmf-dist/tex/generic/oberdiek/ifvtex.sty
Package: ifvtex 2016/05/16 v1.6 Detect VTeX and its facilities (HO)
Package ifvtex Info: VTeX not detected.
)
(/usr/share/texlive/texmf-dist/tex/generic/ifxetex/ifxetex.sty
Package: ifxetex 2010/09/12 v0.6 Provides ifxetex conditional
)
\Gm@cnth=\count89
\Gm@cntv=\count90
\c@Gm@tempcnt=\count91
\Gm@bindingoffset=\dimen105
\Gm@wd@mp=\dimen106
\Gm@odd@mp=\dimen107
\Gm@even@mp=\dimen108
\Gm@layoutwidth=\dimen109
\Gm@layoutheight=\dimen110
\Gm@layouthoffset=\dimen111
\Gm@layoutvoffset=\dimen112
\Gm@dimlist=\toks17
)
(/usr/share/texlive/texmf-dist/tex/generic/babel/babel.sty
Package: babel 2018/11/13 3.27 The Babel package

(/usr/share/texlive/texmf-dist/tex/generic/babel/switch.def
File: switch.def 2018/11/13 3.27 Babel switching mechanism
)
(/usr/share/texlive/texmf-dist/tex/generic/babel-german/ngerman.ldf
Language: ngerman 2018/12/08 v2.11 German support for babel (post-1996 orthogra
phy)

(/usr/share/texlive/texmf-dist/tex/generic/babel-german/ngermanb.ldf
Language: ngermanb 2018/12/08 v2.11 German support for babel (post-1996 orthogr
aphy)

(/usr/share/texlive/texmf-dist/tex/generic/babel/babel.def
File: babel.def 2018/11/13 3.27 Babel common definitions
\babel@savecnt=\count92
\U@D=\dimen113

(/usr/share/texlive/texmf-dist/tex/generic/babel/txtbabel.def)
\bbl@dirlevel=\count93
)
Package babel Info: Making " an active character on input line 121.
)))
(/usr/share/texlive/texmf-dist/tex/latex/hyperref/hyperref.sty
Package: hyperref 2018/11/30 v6.88e Hypertext links for LaTeX

(/usr/share/texlive/texmf-dist/tex/generic/oberdiek/hobsub-hyperref.sty
Package: hobsub-hyperref 2016/05/16 v1.14 Bundle oberdiek, subset hyperref (HO)


(/usr/share/texlive/texmf-dist/tex/generic/oberdiek/hobsub-generic.sty
Package: hobsub-generic 2016/05/16 v1.14 Bundle oberdiek, subset generic (HO)
Package: hobsub 2016/05/16 v1.14 Construct package bundles (HO)
Package: infwarerr 2016/05/16 v1.4 Providing info/warning/error messages (HO)
Package: ltxcmds 2016/05/16 v1.23 LaTeX kernel commands for general use (HO)
Package: ifluatex 2016/05/16 v1.4 Provides the ifluatex switch (HO)
Package ifluatex Info: LuaTeX not detected.
Package hobsub Info: Skipping package `ifvtex' (already loaded).
Package: intcalc 2016/05/16 v1.2 Expandable calculations with integers (HO)
Package hobsub Info: Skipping package `ifpdf' (already loaded).
Package: etexcmds 2016/05/16 v1.6 Avoid name clashes with e-TeX commands (HO)
Package: kvsetkeys 2016/05/16 v1.17 Key value parser (HO)
Package: kvdefinekeys 2016/05/16 v1.4 Define keys (HO)
Package: pdftexcmds 2018/09/10 v0.29 Utility functions of pdfTeX for LuaTeX (HO
)
Package pdftexcmds Info: LuaTeX not detected.
Package pdftexcmds Info: \pdf@primitive is available.
Package pdftexcmds Info: \pdf@ifprimitive is available.
Package pdftexcmds Info: \pdfdraftmode found.
Package: pdfescape 2016/05/16 v1.14 Implements pdfTeX's escape features (HO)
Package: bigintcalc 2016/05/16 v1.4 Expandable calculations on big integers (HO
)
Package: bitset 2016/05/16 v1.2 Handle bit-vector datatype (HO)
Package: uniquecounter 2016/05/16 v1.3 Provide unlimited unique counter (HO)
)
Package hobsub Info: Skipping package `hobsub' (already loaded).
Package: letltxmacro 2016/05/16 v1.5 Let assignment for LaTeX macros (HO)
Package: hopatch 2016/05/16 v1.3 Wrapper for package hooks (HO)
Package: xcolor-patch 2016/05/16 xcolor patch
Package: atveryend 2016/05/16 v1.9 Hooks at the very end of document (HO)
Package atveryend Info: \enddocument detected (standard20110627).
Package: atbegshi 2016/06/09 v1.18 At begin shipout hook (HO)
Package: refcount 2016/05/16 v3.5 Data extraction from label references (HO)
Package: hycolor 2016/05/16 v1.8 Color options for hyperref/bookmark (HO)
)
(/usr/share/texlive/texmf-dist/tex/latex/oberdiek/auxhook.sty
Package: auxhook 2016/05/16 v1.4 Hooks for auxiliary files (HO)
)
(/usr/share/texlive/texmf-dist/tex/latex/oberdiek/kvoptions.sty
Package: kvoptions 2016/05/16 v3.12 Key value format for package options (HO)
)
\@linkdim=\dimen114
\Hy@linkcounter=\count94
\Hy@pagecounter=\count95

(/usr/share/texlive/texmf-dist/tex/latex/hyperref/pd1enc.def
File: pd1enc.def 2018/11/30 v6.88e Hyperref: PDFDocEncoding definition (HO)
Now handling font encoding PD1 ...
... no UTF-8 mapping file for font encoding PD1
)
\Hy@SavedSpaceFactor=\count96

(/usr/share/texlive/texmf-dist/tex/latex/latexconfig/hyperref.cfg
File: hyperref.cfg 2002/06/06 v1.2 hyperref configuration of TeXLive
)
Package hyperref Info: Hyper figures OFF on input line 4519.
Package hyperref Info: Link nesting OFF on input line 4524.
Package hyperref Info: Hyper index ON on input line 4527.
Package hyperref Info: Plain pages OFF on input line 4534.
Package hyperref Info: Backreferencing OFF on input line 4539.
Package hyperref Info: Implicit mode ON; LaTeX internals redefined.
Package hyperref Info: Bookmarks ON on input line 4772.
\c@Hy@tempcnt=\count97

(/usr/share/texlive/texmf-dist/tex/latex/url/url.sty
\Urlmuskip=\muskip10
Package: url 2013/09/16  ver 3.4  Verb mode for urls, etc.
)
LaTeX Info: Redefining \url on input line 5125.
\XeTeXLinkMargin=\dimen115
\Fld@menulength=\count98
\Field@Width=\dimen116
\Fld@charsize=\dimen117
Package hyperref Info: Hyper figures OFF on input line 6380.
Package hyperref Info: Link nesting OFF on input line 6385.
Package hyperref Info: Hyper index ON on input line 6388.
Package hyperref Info: backreferencing OFF on input line 6395.
Package hyperref Info: Link coloring OFF on input line 6400.
Package hyperref Info: Link coloring with OCG OFF on input line 6405.
Package hyperref Info: PDF/A mode OFF on input line 6410.
LaTeX Info: Redefining \ref on input line 6450.
LaTeX Info: Redefining \pageref on input line 6454.
\Hy@abspage=\count99
\c@Item=\count100
\c@Hfootnote=\count101
)
Package hyperref Info: Driver (autodetected): hpdftex.

(/usr/share/texlive/texmf-dist/tex/latex/hyperref/hpdftex.def
File: hpdftex.def 2018/11/30 v6.88e Hyperref driver for pdfTeX
\Fld@listcount=\count102
\c@bookmark@seq@number=\count103

(/usr/share/texlive/texmf-dist/tex/latex/oberdiek/rerunfilecheck.sty
Package: rerunfilecheck 2016/05/16 v1.8 Rerun checks for auxiliary files (HO)
Package uniquecounter Info: New unique counter `rerunfilecheck' on input line 2
82.
)
\Hy@SectionHShift=\skip45
)
(/usr/share/texlive/texmf-dist/tex/latex/animate/animate.sty
Package: animate 2019/01/23 PDF & SVG animations from files and inline graphics


(/usr/share/texlive/texmf-dist/tex/latex/xkeyval/xkeyval.sty
Package: xkeyval 2014/12/03 v2.7a package option processing (HA)

(/usr/share/texlive/texmf-dist/tex/generic/xkeyval/xkeyval.tex
(/usr/share/texlive/texmf-dist/tex/generic/xkeyval/xkvutils.tex
\XKV@toks=\toks18
\XKV@tempa@toks=\toks19
)
\XKV@depth=\count104
File: xkeyval.tex 2014/12/03 v2.7a key=value parser (HA)
))
(/usr/share/texlive/texmf-dist/tex/latex/base/ifthen.sty
Package: ifthen 2014/09/29 v1.1c Standard LaTeX ifthen package (DPC)
)
(/usr/share/texlive/texmf-dist/tex/latex/oberdiek/ifdraft.sty
Package: ifdraft 2016/05/16 v1.4 Detect class options draft and final (HO)
)
(/usr/share/texlive/texmf-dist/tex/latex/tools/calc.sty
Package: calc 2017/05/25 v4.3 Infix arithmetic (KKT,FJ)
\calc@Acount=\count105
\calc@Bcount=\count106
\calc@Adimen=\dimen118
\calc@Bdimen=\dimen119
\calc@Askip=\skip46
\calc@Bskip=\skip47
LaTeX Info: Redefining \setlength on input line 80.
LaTeX Info: Redefining \addtolength on input line 81.
\calc@Ccount=\count107
\calc@Cskip=\skip48
)
(/usr/share/texlive/texmf-dist/tex/latex/oberdiek/zref-abspage.sty
Package: zref-abspage 2018/11/21 v2.27 Module abspage for zref (HO)

(/usr/share/texlive/texmf-dist/tex/latex/oberdiek/zref-base.sty
Package: zref-base 2018/11/21 v2.27 Module base for zref (HO)
Package zref Info: New property list: main on input line 759.
Package zref Info: New property: default on input line 760.
Package zref Info: New property: page on input line 761.
)
\c@abspage=\count108
Package zref Info: New property: abspage on input line 62.
)
(/usr/share/texlive/texmf-dist/tex/latex/media9/pdfbase.sty
(/usr/share/texlive/texmf-dist/tex/latex/l3kernel/expl3.sty
Package: expl3 2019-02-15 L3 programming layer (loader) 

(/usr/share/texlive/texmf-dist/tex/latex/l3kernel/expl3-code.tex
Package: expl3 2019-02-15 L3 programming layer (code)
\c_max_int=\count109
\l_tmpa_int=\count110
\l_tmpb_int=\count111
\g_tmpa_int=\count112
\g_tmpb_int=\count113
\g__kernel_prg_map_int=\count114
\c_log_iow=\count115
\l_iow_line_count_int=\count116
\l__iow_line_target_int=\count117
\l__iow_one_indent_int=\count118
\l__iow_indent_int=\count119
\c_zero_dim=\dimen120
\c_max_dim=\dimen121
\l_tmpa_dim=\dimen122
\l_tmpb_dim=\dimen123
\g_tmpa_dim=\dimen124
\g_tmpb_dim=\dimen125
\c_zero_skip=\skip49
\c_max_skip=\skip50
\l_tmpa_skip=\skip51
\l_tmpb_skip=\skip52
\g_tmpa_skip=\skip53
\g_tmpb_skip=\skip54
\c_zero_muskip=\muskip11
\c_max_muskip=\muskip12
\l_tmpa_muskip=\muskip13
\l_tmpb_muskip=\muskip14
\g_tmpa_muskip=\muskip15
\g_tmpb_muskip=\muskip16
\l_keys_choice_int=\count120
\l__intarray_loop_int=\count121
\c__intarray_sp_dim=\dimen126
\g__intarray_font_int=\count122
\c__fp_leading_shift_int=\count123
\c__fp_middle_shift_int=\count124
\c__fp_trailing_shift_int=\count125
\c__fp_big_leading_shift_int=\count126
\c__fp_big_middle_shift_int=\count127
\c__fp_big_trailing_shift_int=\count128
\c__fp_Bigg_leading_shift_int=\count129
\c__fp_Bigg_middle_shift_int=\count130
\c__fp_Bigg_trailing_shift_int=\count131
\c__kernel_randint_max_int=\count132
\g__fp_array_int=\count133
\l__fp_array_loop_int=\count134
\l__sort_length_int=\count135
\l__sort_min_int=\count136
\l__sort_top_int=\count137
\l__sort_max_int=\count138
\l__sort_true_max_int=\count139
\l__sort_block_int=\count140
\l__sort_begin_int=\count141
\l__sort_end_int=\count142
\l__sort_A_int=\count143
\l__sort_B_int=\count144
\l__sort_C_int=\count145
\l__tl_analysis_normal_int=\count146
\l__tl_analysis_index_int=\count147
\l__tl_analysis_nesting_int=\count148
\l__tl_analysis_type_int=\count149
\l__regex_internal_a_int=\count150
\l__regex_internal_b_int=\count151
\l__regex_internal_c_int=\count152
\l__regex_balance_int=\count153
\l__regex_group_level_int=\count154
\l__regex_mode_int=\count155
\c__regex_cs_in_class_mode_int=\count156
\c__regex_cs_mode_int=\count157
\l__regex_catcodes_int=\count158
\l__regex_default_catcodes_int=\count159
\c__regex_catcode_D_int=\count160
\c__regex_catcode_S_int=\count161
\c__regex_catcode_L_int=\count162
\c__regex_catcode_O_int=\count163
\c__regex_catcode_A_int=\count164
\c__regex_all_catcodes_int=\count165
\l__regex_show_lines_int=\count166
\l__regex_min_state_int=\count167
\l__regex_max_state_int=\count168
\l__regex_left_state_int=\count169
\l__regex_right_state_int=\count170
\l__regex_capturing_group_int=\count171
\l__regex_min_pos_int=\count172
\l__regex_max_pos_int=\count173
\l__regex_curr_pos_int=\count174
\l__regex_start_pos_int=\count175
\l__regex_success_pos_int=\count176
\l__regex_curr_char_int=\count177
\l__regex_curr_catcode_int=\count178
\l__regex_last_char_int=\count179
\l__regex_case_changed_char_int=\count180
\l__regex_curr_state_int=\count181
\l__regex_step_int=\count182
\l__regex_min_active_int=\count183
\l__regex_max_active_int=\count184
\l__regex_replacement_csnames_int=\count185
\l__regex_match_count_int=\count186
\l__regex_min_submatch_int=\count187
\l__regex_submatch_int=\count188
\l__regex_zeroth_submatch_int=\count189
\g__regex_trace_regex_int=\count190
\c_empty_box=\box27
\l_tmpa_box=\box28
\l_tmpb_box=\box29
\g_tmpa_box=\box30
\g_tmpb_box=\box31
\l__box_top_dim=\dimen127
\l__box_bottom_dim=\dimen128
\l__box_left_dim=\dimen129
\l__box_right_dim=\dimen130
\l__box_top_new_dim=\dimen131
\l__box_bottom_new_dim=\dimen132
\l__box_left_new_dim=\dimen133
\l__box_right_new_dim=\dimen134
\l__box_internal_box=\box32
\l__coffin_internal_box=\box33
\l__coffin_internal_dim=\dimen135
\l__coffin_offset_x_dim=\dimen136
\l__coffin_offset_y_dim=\dimen137
\l__coffin_x_dim=\dimen138
\l__coffin_y_dim=\dimen139
\l__coffin_x_prime_dim=\dimen140
\l__coffin_y_prime_dim=\dimen141
\c_empty_coffin=\box34
\l__coffin_aligned_coffin=\box35
\l__coffin_aligned_internal_coffin=\box36
\l_tmpa_coffin=\box37
\l_tmpb_coffin=\box38
\g_tmpa_coffin=\box39
\g_tmpb_coffin=\box40
\c__coffin_empty_coffin=\box41
\l__coffin_display_coffin=\box42
\l__coffin_display_coord_coffin=\box43
\l__coffin_display_pole_coffin=\box44
\l__coffin_display_offset_dim=\dimen142
\l__coffin_display_x_dim=\dimen143
\l__coffin_display_y_dim=\dimen144
\g__file_internal_ior=\read1
\l__coffin_bounding_shift_dim=\dimen145
\l__coffin_left_corner_dim=\dimen146
\l__coffin_right_corner_dim=\dimen147
\l__coffin_bottom_corner_dim=\dimen148
\l__coffin_top_corner_dim=\dimen149
\l__coffin_scaled_total_height_dim=\dimen150
\l__coffin_scaled_width_dim=\dimen151
\l__seq_internal_a_int=\count191
\l__seq_internal_b_int=\count192
)
(/usr/share/texlive/texmf-dist/tex/latex/l3kernel/l3pdfmode.def
File: l3pdfmode.def 2019-02-15 v L3 Experimental driver: PDF mode
\l__driver_color_stack_int=\count193
))
(/usr/share/texlive/texmf-dist/tex/latex/l3packages/l3keys2e/l3keys2e.sty
Package: l3keys2e 2018-10-17 LaTeX2e option processing using LaTeX3 keys
)
Package: pdfbase 2019/02/21 v0.27 driver independent access to low-level PDF fe
atures
\g_pbs_page_int=\count194
\g_pbs_oc_int=\count195
)
(/usr/share/texlive/texmf-dist/tex/latex/ocgx2/ocgbase.sty
Package: ocgbase 2018/06/07 v0.14 support package for ocgx2.sty
\g_ocgbase_nd_int=\count196
)
\@anim@box=\box45
\@anim@measbox=\box46
\@anim@tmpdima=\dimen152
\@anim@tmpdimb=\dimen153
\@anim@num=\count197
\@anim@curframe=\count198
\@anim@curframe@zb=\count199
\@anim@resizeflags=\count266
\@anim@skipfram=\count267
\@anim@mulframecnt=\count268
\@anim@@tmlnfile=\read2
\@anim@tmpcnt=\count269
\c@@anim@ltxcnt=\count270
\@anim@curlayer=\count271
\@anim@lineno=\count272
\@anim@curfield=\count273
\@anim@@resizeflags=\count274
)
(/usr/share/texlive/texmf-dist/tex/latex/caption/subcaption.sty
Package: subcaption 2018/05/01 v1.1-162 Sub-captions (AR)

(/usr/share/texlive/texmf-dist/tex/latex/caption/caption.sty
Package: caption 2018/10/06 v3.3-154 Customizing captions (AR)

(/usr/share/texlive/texmf-dist/tex/latex/caption/caption3.sty
Package: caption3 2018/09/12 v1.8c caption3 kernel (AR)
Package caption3 Info: TeX engine: e-TeX on input line 64.
\captionmargin=\dimen154
\captionmargin@=\dimen155
\captionwidth=\dimen156
\caption@tempdima=\dimen157
\caption@indent=\dimen158
\caption@parindent=\dimen159
\caption@hangindent=\dimen160
)
\c@caption@flags=\count275
\c@ContinuedFloat=\count276
Package caption Info: hyperref package is loaded.
)
\c@subfigure=\count277
\c@subtable=\count278
)
(/usr/share/texlive/texmf-dist/tex/latex/caption/newfloat.sty
Package: newfloat 2018/03/04 v1.1a Defining new floating environments (AR)
)
Package newfloat Info: New float `equ' with options `' on input line 15.
\c@equ=\count279
\newfloat@ftype=\count280
Package newfloat Info: float type `equ'=8 on input line 15.
\c@subequ=\count281

(/usr/share/texlive/texmf-dist/tex/latex/wrapfig/wrapfig.sty
\wrapoverhang=\dimen161
\WF@size=\dimen162
\c@WF@wrappedlines=\count282
\WF@box=\box47
\WF@everypar=\toks20
Package: wrapfig 2003/01/31  v 3.6
)
(/usr/share/texlive/texmf-dist/tex/latex/amsmath/amsmath.sty
Package: amsmath 2018/12/01 v2.17b AMS math features
\@mathmargin=\skip55

For additional information on amsmath, use the `?' option.
(/usr/share/texlive/texmf-dist/tex/latex/amsmath/amstext.sty
Package: amstext 2000/06/29 v2.01 AMS text

(/usr/share/texlive/texmf-dist/tex/latex/amsmath/amsgen.sty
File: amsgen.sty 1999/11/30 v2.0 generic functions
\@emptytoks=\toks21
\ex@=\dimen163
))
(/usr/share/texlive/texmf-dist/tex/latex/amsmath/amsbsy.sty
Package: amsbsy 1999/11/29 v1.2d Bold Symbols
\pmbraise@=\dimen164
)
(/usr/share/texlive/texmf-dist/tex/latex/amsmath/amsopn.sty
Package: amsopn 2016/03/08 v2.02 operator names
)
\inf@bad=\count283
LaTeX Info: Redefining \frac on input line 223.
\uproot@=\count284
\leftroot@=\count285
LaTeX Info: Redefining \overline on input line 385.
\classnum@=\count286
\DOTSCASE@=\count287
LaTeX Info: Redefining \ldots on input line 482.
LaTeX Info: Redefining \dots on input line 485.
LaTeX Info: Redefining \cdots on input line 606.
\Mathstrutbox@=\box48
\strutbox@=\box49
\big@size=\dimen165
LaTeX Font Info:    Redeclaring font encoding OML on input line 729.
LaTeX Font Info:    Redeclaring font encoding OMS on input line 730.
\macc@depth=\count288
\c@MaxMatrixCols=\count289
\dotsspace@=\muskip17
\c@parentequation=\count290
\dspbrk@lvl=\count291
\tag@help=\toks22
\row@=\count292
\column@=\count293
\maxfields@=\count294
\andhelp@=\toks23
\eqnshift@=\dimen166
\alignsep@=\dimen167
\tagshift@=\dimen168
\tagwidth@=\dimen169
\totwidth@=\dimen170
\lineht@=\dimen171
\@envbody=\toks24
\multlinegap=\skip56
\multlinetaggap=\skip57
\mathdisplay@stack=\toks25
LaTeX Info: Redefining \[ on input line 2844.
LaTeX Info: Redefining \] on input line 2845.
)
(/usr/share/texlive/texmf-dist/tex/latex/movie15/movie15.sty
Package: movie15 2012/05/16

(/usr/share/texlive/texmf-dist/tex/latex/ms/everyshi.sty
Package: everyshi 2001/05/15 v3.00 EveryShipout Package (MS)
)
\@MXV@page=\count295
\@MXV@adict=\count296
\@MXV@aadict=\count297
\@MXV@includes=\count298
\@MXV@players=\count299
\@MXV@links=\count300
\@MXV@width=\dimen172
\@MXV@height=\dimen173
\@MXV@depth=\dimen174
\@MXV@totalheight=\dimen175
\@MXV@@boxdepth=\dimen176
\@MXV@traiselen=\dimen177
\@MXV@braiselen=\dimen178
\@MXV@start=\dimen179
\@MXV@end=\dimen180
\@MXV@textbox=\box50
)
(/usr/share/texlive/texmf-dist/tex/latex/pdfpages/pdfpages.sty
Package: pdfpages 2017/10/31 v0.5l Insert pages of external PDF documents (AM)

(/usr/share/texlive/texmf-dist/tex/latex/eso-pic/eso-pic.sty
Package: eso-pic 2018/04/12 v2.0h eso-pic (RN)

(/usr/share/texlive/texmf-dist/tex/latex/xcolor/xcolor.sty
Package: xcolor 2016/05/11 v2.12 LaTeX color extensions (UK)

(/usr/share/texlive/texmf-dist/tex/latex/graphics-cfg/color.cfg
File: color.cfg 2016/01/02 v1.6 sample color configuration
)
Package xcolor Info: Driver file: pdftex.def on input line 225.
Package xcolor Info: Model `cmy' substituted by `cmy0' on input line 1348.
Package xcolor Info: Model `hsb' substituted by `rgb' on input line 1352.
Package xcolor Info: Model `RGB' extended on input line 1364.
Package xcolor Info: Model `HTML' substituted by `rgb' on input line 1366.
Package xcolor Info: Model `Hsb' substituted by `hsb' on input line 1367.
Package xcolor Info: Model `tHsb' substituted by `hsb' on input line 1368.
Package xcolor Info: Model `HSB' substituted by `hsb' on input line 1369.
Package xcolor Info: Model `Gray' substituted by `gray' on input line 1370.
Package xcolor Info: Model `wave' substituted by `hsb' on input line 1371.
))
\AM@pagewidth=\dimen181
\AM@pageheight=\dimen182

(/usr/share/texlive/texmf-dist/tex/latex/pdfpages/pppdftex.def
File: pppdftex.def 2017/10/31 v0.5l Pdfpages driver for pdfTeX (AM)
)
\AM@pagebox=\box51
\AM@global@opts=\toks26
\AM@toc@title=\toks27
\c@AM@survey=\count301
\AM@templatesizebox=\box52
)
(/usr/share/texlive/texmf-dist/tex/latex/booktabs/booktabs.sty
Package: booktabs 2016/04/27 v1.618033 publication quality tables
\heavyrulewidth=\dimen183
\lightrulewidth=\dimen184
\cmidrulewidth=\dimen185
\belowrulesep=\dimen186
\belowbottomsep=\dimen187
\aboverulesep=\dimen188
\abovetopsep=\dimen189
\cmidrulesep=\dimen190
\cmidrulekern=\dimen191
\defaultaddspace=\dimen192
\@cmidla=\count302
\@cmidlb=\count303
\@aboverulesep=\dimen193
\@belowrulesep=\dimen194
\@thisruleclass=\count304
\@lastruleclass=\count305
\@thisrulewidth=\dimen195
)

LaTeX Warning: Unused global option(s):
    [10p].

(./Stilo_HA2.aux)
\openout1 = `Stilo_HA2.aux'.

LaTeX Font Info:    Checking defaults for OML/cmm/m/it on input line 27.
LaTeX Font Info:    ... okay on input line 27.
LaTeX Font Info:    Checking defaults for T1/cmr/m/n on input line 27.
LaTeX Font Info:    ... okay on input line 27.
LaTeX Font Info:    Checking defaults for OT1/cmr/m/n on input line 27.
LaTeX Font Info:    ... okay on input line 27.
LaTeX Font Info:    Checking defaults for OMS/cmsy/m/n on input line 27.
LaTeX Font Info:    ... okay on input line 27.
LaTeX Font Info:    Checking defaults for OMX/cmex/m/n on input line 27.
LaTeX Font Info:    ... okay on input line 27.
LaTeX Font Info:    Checking defaults for U/cmr/m/n on input line 27.
LaTeX Font Info:    ... okay on input line 27.
LaTeX Font Info:    Checking defaults for PD1/pdf/m/n on input line 27.
LaTeX Font Info:    ... okay on input line 27.

(/usr/share/texlive/texmf-dist/tex/context/base/mkii/supp-pdf.mkii
[Loading MPS to PDF converter (version 2006.09.02).]
\scratchcounter=\count306
\scratchdimen=\dimen196
\scratchbox=\box53
\nofMPsegments=\count307
\nofMParguments=\count308
\everyMPshowfont=\toks28
\MPscratchCnt=\count309
\MPscratchDim=\dimen197
\MPnumerator=\count310
\makeMPintoPDFobject=\count311
\everyMPtoPDFconversion=\toks29
) (/usr/share/texlive/texmf-dist/tex/latex/oberdiek/epstopdf-base.sty
Package: epstopdf-base 2016/05/15 v2.6 Base part for package epstopdf

(/usr/share/texlive/texmf-dist/tex/latex/oberdiek/grfext.sty
Package: grfext 2016/05/16 v1.2 Manage graphics extensions (HO)
)
Package epstopdf-base Info: Redefining graphics rule for `.eps' on input line 4
38.
Package grfext Info: Graphics extension search list:
(grfext)             [.pdf,.png,.jpg,.mps,.jpeg,.jbig2,.jb2,.PDF,.PNG,.JPG,.JPE
G,.JBIG2,.JB2,.eps]
(grfext)             \AppendGraphicsExtensions on input line 456.

(/usr/share/texlive/texmf-dist/tex/latex/latexconfig/epstopdf-sys.cfg
File: epstopdf-sys.cfg 2010/07/13 v1.3 Configuration of (r)epstopdf for TeX Liv
e
))
*geometry* driver: auto-detecting
*geometry* detected driver: pdftex
*geometry* verbose mode - [ preamble ] result:
* driver: pdftex
* paper: a4paper
* layout: <same size as paper>
* layoutoffset:(h,v)=(0.0pt,0.0pt)
* modes: 
* h-part:(L,W,R)=(85.35826pt, 398.3386pt, 113.81102pt)
* v-part:(T,H,B)=(71.13188pt, 717.00946pt, 56.9055pt)
* \paperwidth=597.50787pt
* \paperheight=845.04684pt
* \textwidth=398.3386pt
* \textheight=717.00946pt
* \oddsidemargin=13.08827pt
* \evensidemargin=13.08827pt
* \topmargin=-38.1381pt
* \headheight=12.0pt
* \headsep=25.0pt
* \topskip=10.0pt
* \footskip=30.0pt
* \marginparwidth=57.0pt
* \marginparsep=11.0pt
* \columnsep=10.0pt
* \skip\footins=9.0pt plus 4.0pt minus 2.0pt
* \hoffset=0.0pt
* \voffset=0.0pt
* \mag=1000
* \@twocolumnfalse
* \@twosidefalse
* \@mparswitchfalse
* \@reversemarginfalse
* (1in=72.27pt=25.4mm, 1cm=28.453pt)

\AtBeginShipoutBox=\box54
Package hyperref Info: Link coloring OFF on input line 27.
(/usr/share/texlive/texmf-dist/tex/latex/hyperref/nameref.sty
Package: nameref 2016/05/21 v2.44 Cross-referencing by name of section

(/usr/share/texlive/texmf-dist/tex/generic/oberdiek/gettitlestring.sty
Package: gettitlestring 2016/05/16 v1.5 Cleanup title references (HO)
)
\c@section@level=\count312
)
LaTeX Info: Redefining \ref on input line 27.
LaTeX Info: Redefining \pageref on input line 27.
LaTeX Info: Redefining \nameref on input line 27.

(./Stilo_HA2.out) (./Stilo_HA2.out)
\@outlinefile=\write3
\openout3 = `Stilo_HA2.out'.

Package caption Info: Begin \AtBeginDocument code.
Package caption Info: wrapfig package is loaded.
Package caption Info: End \AtBeginDocument code.
 ABD: EveryShipout initializing macros
(/usr/share/texlive/texmf-dist/tex/latex/oberdiek/pdflscape.sty
Package: pdflscape 2016/05/14 v0.11 Display of landscape pages in PDF (HO)

(/usr/share/texlive/texmf-dist/tex/latex/graphics/lscape.sty
Package: lscape 2000/10/22 v3.01 Landscape Pages (DPC)
)
Package pdflscape Info: Auto-detected driver: pdftex on input line 81.
) (./Stilo_HA2.toc)
\tf@toc=\write4
\openout4 = `Stilo_HA2.toc'.

 [1

{/var/lib/texmf/fonts/map/pdftex/updmap/pdftex.map}] (./Stilo_HA2.lof)
\tf@lof=\write5
\openout5 = `Stilo_HA2.lof'.


[2]
Overfull \hbox (3.30104pt too wide) in paragraph at lines 40--41
[]\OT1/cmr/m/n/10 Die Au-tor-schaft-sat-tri-bu-ti-on mit Hil-fe sti-lo-me-tri-s
cher Me-tho-den an-hand in-halt-li-cher Merk-
 []

[3] [4]
<BilderTheorie/pca_mfw.png, id=165, 1165.35374pt x 577.15625pt>
File: BilderTheorie/pca_mfw.png Graphic file (type png)
<use BilderTheorie/pca_mfw.png>
Package pdftex.def Info: BilderTheorie/pca_mfw.png  used on input line 80.
(pdftex.def)             Requested size: 239.00558pt x 118.37064pt.

Underfull \hbox (badness 1259) in paragraph at lines 85--85
\OT1/cmr/m/n/10 ner PCA wer-den in Ab-bil-dung
 []

[5 <./BilderTheorie/pca_mfw.png>]
Overfull \hbox (5.09476pt too wide) in paragraph at lines 87--87
\OT1/cmr/m/n/10 onsw[]orter ge-eig-net sind. Des-halb dient die Ana-ly-se mit \
OT1/cmr/m/it/10 Sent-Text \OT1/cmr/m/n/10 zun[]achst nur als Best[]atigung,
 []

[6]
Overfull \hbox (19.17589pt too wide) in paragraph at lines 108--108
[]\OT1/cmr/m/n/10 Epische Tex-te zeich-nen sich im Ge-gen-satz da-zu durch die 
Erz[]ahlinstanz und Erz[]ahlgegenstand
 []

<BilderTheorie/plutchik_wheel.png, id=194, 301.125pt x 305.14pt>
File: BilderTheorie/plutchik_wheel.png Graphic file (type png)
<use BilderTheorie/plutchik_wheel.png>
Package pdftex.def Info: BilderTheorie/plutchik_wheel.png  used on input line 1
18.
(pdftex.def)             Requested size: 199.1693pt x 201.83067pt.

Underfull \hbox (badness 1418) in paragraph at lines 123--123
\OT1/cmr/m/n/10 au-to-ma-ti-sier-te Er-ken-nen von Emo-tio-nen
 []


Package wrapfig Warning: Collision between wrapping environments on input line 
125.

<BilderTheorie/Plutchik_Dyads.png, id=197, 1017.44824pt x 1017.44824pt>
File: BilderTheorie/Plutchik_Dyads.png Graphic file (type png)
<use BilderTheorie/Plutchik_Dyads.png>
Package pdftex.def Info: BilderTheorie/Plutchik_Dyads.png  used on input line 1
26.
(pdftex.def)             Requested size: 199.1693pt x 199.17009pt.

Package wrapfig Warning: Stationary wrapfigure forced to float on input line 13
1.

[7 <./BilderTheorie/plutchik_wheel.png>]
Underfull \hbox (badness 1430) in paragraph at lines 133--133
[][]\OT1/cmr/m/n/10 Neben den prim[]aren Emo-tio-nen hat
 []


Underfull \hbox (badness 1005) in paragraph at lines 133--133
\OT1/cmr/m/n/10 ein-an-der ent-fernt sind. Vier Fel-der ent-
 []

[8 <./BilderTheorie/Plutchik_Dyads.png>]

Package natbib Warning: Citation `Blossg2005' on page 9 undefined on input line
 145.

[9]
Underfull \hbox (badness 10000) in paragraph at lines 161--163

 []


Underfull \hbox (badness 10000) in paragraph at lines 164--165

 []


Underfull \hbox (badness 10000) in paragraph at lines 174--175

 []

[10]
Underfull \hbox (badness 10000) in paragraph at lines 194--195

 []

[11]
<BilderTheorie/haupt_alle_merkmale.png, id=288, 1806.75pt x 722.7pt>
File: BilderTheorie/haupt_alle_merkmale.png Graphic file (type png)
<use BilderTheorie/haupt_alle_merkmale.png>
Package pdftex.def Info: BilderTheorie/haupt_alle_merkmale.png  used on input l
ine 212.
(pdftex.def)             Requested size: 199.1693pt x 79.66264pt.

Underfull \hbox (badness 10000) in paragraph at lines 220--221

 []

<BilderTheorie/haupt_adjektive_pro_wort.png, id=292, 1445.4pt x 2814.515pt>
File: BilderTheorie/haupt_adjektive_pro_wort.png Graphic file (type png)
<use BilderTheorie/haupt_adjektive_pro_wort.png>
Package pdftex.def Info: BilderTheorie/haupt_adjektive_pro_wort.png  used on in
put line 227.
(pdftex.def)             Requested size: 107.55177pt x 209.40462pt.
<BilderTheorie/haupt_adjektive_pro_wort2.png, id=293, 1445.4pt x 2834.59pt>
File: BilderTheorie/haupt_adjektive_pro_wort2.png Graphic file (type png)
<use BilderTheorie/haupt_adjektive_pro_wort2.png>
Package pdftex.def Info: BilderTheorie/haupt_adjektive_pro_wort2.png  used on i
nput line 234.
(pdftex.def)             Requested size: 107.55177pt x 210.89824pt.

LaTeX Warning: Reference `fig:haupt_adjektive' on page 12 undefined on input li
ne 241.


LaTeX Warning: Reference `fig:haupt_adjektive2' on page 12 undefined on input l
ine 241.

[12 <./BilderTheorie/haupt_alle_merkmale.png>]
<BilderTheorie/hauptkorpus_prowort_plutchik_kleiner.png, id=306, 433.62pt x 289
.08pt>
File: BilderTheorie/hauptkorpus_prowort_plutchik_kleiner.png Graphic file (type
 png)
<use BilderTheorie/hauptkorpus_prowort_plutchik_kleiner.png>
Package pdftex.def Info: BilderTheorie/hauptkorpus_prowort_plutchik_kleiner.png
  used on input line 249.
(pdftex.def)             Requested size: 199.1693pt x 132.7799pt.

Underfull \hbox (badness 2126) in paragraph at lines 254--254
\OT1/cmr/m/n/10 Plut-chik (in-klu-si-ve der Emo-ti-on \OT1/cmr/m/it/10 Lie-be\O
T1/cmr/m/n/10 )
 []

<BilderTheorie/haupt_sentiws_pro_wort.png, id=309, 1445.4pt x 3613.5pt>
File: BilderTheorie/haupt_sentiws_pro_wort.png Graphic file (type png)
<use BilderTheorie/haupt_sentiws_pro_wort.png>
Package pdftex.def Info: BilderTheorie/haupt_sentiws_pro_wort.png  used on inpu
t line 262.
(pdftex.def)             Requested size: 80.66246pt x 201.63783pt.
<BilderTheorie/haupt_sentiws_pro_wort2.png, id=310, 1445.4pt x 3613.5pt>
File: BilderTheorie/haupt_sentiws_pro_wort2.png Graphic file (type png)
<use BilderTheorie/haupt_sentiws_pro_wort2.png>
Package pdftex.def Info: BilderTheorie/haupt_sentiws_pro_wort2.png  used on inp
ut line 269.
(pdftex.def)             Requested size: 80.66246pt x 201.63783pt.

LaTeX Warning: Reference `fig:haupt_sentiws' on page 13 undefined on input line
 275.


LaTeX Warning: Reference `fig:haupt_sentiws2' on page 13 undefined on input lin
e 275.

[13 <./BilderTheorie/haupt_adjektive_pro_wort.png> <./BilderTheorie/haupt_adjek
tive_pro_wort2.png> <./BilderTheorie/hauptkorpus_prowort_plutchik_kleiner.png>]
<BilderTheorie/haupt_sprechmarker_pro_wort.png, id=326, 1445.4pt x 3613.5pt>
File: BilderTheorie/haupt_sprechmarker_pro_wort.png Graphic file (type png)
<use BilderTheorie/haupt_sprechmarker_pro_wort.png>
Package pdftex.def Info: BilderTheorie/haupt_sprechmarker_pro_wort.png  used on
 input line 281.
(pdftex.def)             Requested size: 179.25114pt x 448.10246pt.
File: BilderTheorie/haupt_sentiws_pro_wort2.png Graphic file (type png)
<use BilderTheorie/haupt_sentiws_pro_wort2.png>
Package pdftex.def Info: BilderTheorie/haupt_sentiws_pro_wort2.png  used on inp
ut line 288.
(pdftex.def)             Requested size: 179.25114pt x 448.10246pt.

LaTeX Warning: Reference `fig:haupt_sprechmarker' on page 14 undefined on input
 line 295.


LaTeX Warning: Reference `fig:haupt_sprechmarker2' on page 14 undefined on inpu
t line 295.

<BilderTheorie/haupt_sprechmarkerKurz_pro_wort.png, id=327, 1445.4pt x 3613.5pt
>
File: BilderTheorie/haupt_sprechmarkerKurz_pro_wort.png Graphic file (type png)

<use BilderTheorie/haupt_sprechmarkerKurz_pro_wort.png>
Package pdftex.def Info: BilderTheorie/haupt_sprechmarkerKurz_pro_wort.png  use
d on input line 298.
(pdftex.def)             Requested size: 159.333pt x 398.3133pt.
[14 <./BilderTheorie/haupt_sentiws_pro_wort.png> <./BilderTheorie/haupt_sentiws
_pro_wort2.png> <./BilderTheorie/haupt_sprechmarkerKurz_pro_wort.png>] [15 <./B
ilderTheorie/haupt_sprechmarker_pro_wort.png>]
<BilderTheorie/haupt_epik_sprechmarker_mfw.png, id=343, 1806.75pt x 722.7pt>
File: BilderTheorie/haupt_epik_sprechmarker_mfw.png Graphic file (type png)
<use BilderTheorie/haupt_epik_sprechmarker_mfw.png>
Package pdftex.def Info: BilderTheorie/haupt_epik_sprechmarker_mfw.png  used on
 input line 315.
(pdftex.def)             Requested size: 159.333pt x 63.72792pt.
 [16 <./BilderTheorie/haupt_epik_sprechmarker_mfw.png>]
<BilderTheorie/autoren_alle_merkmale.png, id=352, 1806.75pt x 722.7pt>
File: BilderTheorie/autoren_alle_merkmale.png Graphic file (type png)
<use BilderTheorie/autoren_alle_merkmale.png>
Package pdftex.def Info: BilderTheorie/autoren_alle_merkmale.png  used on input
 line 329.
(pdftex.def)             Requested size: 258.91765pt x 103.55925pt.

Underfull \hbox (badness 1859) in paragraph at lines 334--334
\OT1/cmr/m/n/10 wir-ken. So bleibt die Ver-
 []

<BilderTheorie/autoren_sprechmarker_lang_pro_wort.png, id=353, 1445.4pt x 3613.
5pt>
File: BilderTheorie/autoren_sprechmarker_lang_pro_wort.png Graphic file (type p
ng)
<use BilderTheorie/autoren_sprechmarker_lang_pro_wort.png>
Package pdftex.def Info: BilderTheorie/autoren_sprechmarker_lang_pro_wort.png  
used on input line 342.
(pdftex.def)             Requested size: 179.25114pt x 448.10246pt.
<BilderTheorie/autoren_sprechmarker_lang_pro_wort2.png, id=354, 1445.4pt x 3613
.5pt>
File: BilderTheorie/autoren_sprechmarker_lang_pro_wort2.png Graphic file (type 
png)
<use BilderTheorie/autoren_sprechmarker_lang_pro_wort2.png>
Package pdftex.def Info: BilderTheorie/autoren_sprechmarker_lang_pro_wort2.png 
 used on input line 349.
(pdftex.def)             Requested size: 179.25114pt x 448.10246pt.

LaTeX Warning: Reference `fig:autoren_sprechmarker' on page 17 undefined on inp
ut line 355.


LaTeX Warning: Reference `fig:autoren_sprechmarker2' on page 17 undefined on in
put line 355.


LaTeX Warning: Reference `fig:haupt_sprechmarker' on page 17 undefined on input
 line 355.


LaTeX Warning: Reference `fig:haupt_sprechmarker2' on page 17 undefined on inpu
t line 355.

[17 <./BilderTheorie/autoren_alle_merkmale.png>] [18 <./BilderTheorie/autoren_s
prechmarker_lang_pro_wort.png> <./BilderTheorie/autoren_sprechmarker_lang_pro_w
ort2.png>] [19]

LaTeX Warning: Reference `fig:vergleich_klein_epik' on page 20 undefined on inp
ut line 377.

[20]
<BilderTheorie/vergleich_epik_sentiemo_mfw.png, id=376, 1806.75pt x 722.7pt>
File: BilderTheorie/vergleich_epik_sentiemo_mfw.png Graphic file (type png)
<use BilderTheorie/vergleich_epik_sentiemo_mfw.png>
Package pdftex.def Info: BilderTheorie/vergleich_epik_sentiemo_mfw.png  used on
 input line 383.
(pdftex.def)             Requested size: 179.25114pt x 71.70079pt.
<BilderTheorie/fontane_epik_sentiws+emotion_mfw.png, id=377, 1806.75pt x 722.7p
t>
File: BilderTheorie/fontane_epik_sentiws+emotion_mfw.png Graphic file (type png
)
<use BilderTheorie/fontane_epik_sentiws+emotion_mfw.png>
Package pdftex.def Info: BilderTheorie/fontane_epik_sentiws+emotion_mfw.png  us
ed on input line 390.
(pdftex.def)             Requested size: 179.25114pt x 71.70079pt.
 [21 <./BilderTheorie/vergleich_epik_sentiemo_mfw.png> <./BilderTheorie/fontane
_epik_sentiws+emotion_mfw.png>]
<BilderTheorie/autoren_delta_samedif_genre.png, id=387, 433.62pt x 289.08pt>
File: BilderTheorie/autoren_delta_samedif_genre.png Graphic file (type png)
<use BilderTheorie/autoren_delta_samedif_genre.png>
Package pdftex.def Info: BilderTheorie/autoren_delta_samedif_genre.png  used on
 input line 408.
(pdftex.def)             Requested size: 258.91765pt x 172.62006pt.

Overfull \hbox (19.4682pt too wide) in paragraph at lines 414--414
[][]\OT1/cmr/m/n/10 Bevor die-se An-nah-me best[]atigt
 []

[22 <./BilderTheorie/autoren_delta_samedif_genre.png>]
<BilderTheorie/autoren_sprechmarker_zscores.png, id=394, 1445.4pt x 722.7pt>
File: BilderTheorie/autoren_sprechmarker_zscores.png Graphic file (type png)
<use BilderTheorie/autoren_sprechmarker_zscores.png>
Package pdftex.def Info: BilderTheorie/autoren_sprechmarker_zscores.png  used o
n input line 419.
(pdftex.def)             Requested size: 258.91765pt x 129.45181pt.
 [23 <./BilderTheorie/autoren_sprechmarker_zscores.png>]

LaTeX Warning: Reference `fig:autoren_100cos' on page 24 undefined on input lin
e 433.

<BilderTheorie/autoren_100cos_gattung.png, id=401, 1445.4pt x 722.7pt>
File: BilderTheorie/autoren_100cos_gattung.png Graphic file (type png)
<use BilderTheorie/autoren_100cos_gattung.png>
Package pdftex.def Info: BilderTheorie/autoren_100cos_gattung.png  used on inpu
t line 439.
(pdftex.def)             Requested size: 179.25114pt x 89.62048pt.
<BilderTheorie/autoren_segmente_100cos_gattung.png, id=402, 1445.4pt x 722.7pt>

File: BilderTheorie/autoren_segmente_100cos_gattung.png Graphic file (type png)

<use BilderTheorie/autoren_segmente_100cos_gattung.png>
Package pdftex.def Info: BilderTheorie/autoren_segmente_100cos_gattung.png  use
d on input line 445.
(pdftex.def)             Requested size: 179.25114pt x 89.62048pt.
[24 <./BilderTheorie/autoren_100cos_gattung.png> <./BilderTheorie/autoren_segme
nte_100cos_gattung.png>] [25]
<BilderTheorie/vergleich_100cos_gattung.png, id=415, 1445.4pt x 722.7pt>
File: BilderTheorie/vergleich_100cos_gattung.png Graphic file (type png)
<use BilderTheorie/vergleich_100cos_gattung.png>
Package pdftex.def Info: BilderTheorie/vergleich_100cos_gattung.png  used on in
put line 461.
(pdftex.def)             Requested size: 258.91765pt x 129.45181pt.

Underfull \hbox (badness 6188) in paragraph at lines 467--467
[][]\OT1/cmr/m/n/10 Anstatt nur ver-ein-zel-te
 []

<BilderTheorie/cutoffs_all.png, id=417, 1445.4pt x 722.7pt>
File: BilderTheorie/cutoffs_all.png Graphic file (type png)
<use BilderTheorie/cutoffs_all.png>
Package pdftex.def Info: BilderTheorie/cutoffs_all.png  used on input line 470.

(pdftex.def)             Requested size: 258.91765pt x 129.45181pt.

LaTeX Warning: Reference `deltacutoff' on page 26 undefined on input line 475.


Underfull \hbox (badness 4595) in paragraph at lines 475--476
[][]\OT1/cmr/m/n/10 Obwohl die-se Re-sul-ta-te
 []


Overfull \hbox (3.5237pt too wide) in paragraph at lines 475--476
\OT1/cmr/m/n/10 zun[]achst zu-frie-den-stel-lend wir-
 []


Underfull \hbox (badness 2050) in paragraph at lines 475--476
\OT1/cmr/m/n/10 ken, muss der ge-ringf[]ugige
 []

[26 <./BilderTheorie/vergleich_100cos_gattung.png> <./BilderTheorie/cutoffs_all
.png>] [27] (./Stilo_HA2.bbl [28])

Package natbib Warning: There were undefined citations.


Package movie15 Warning: @@@@@@@@@@@@@@@@@@@@@@@@@@@@@@@@@@@@@@@
(movie15)                @@ Package `movie15' is obsolete and @@
(movie15)                @@ superseded by `media9'.           @@
(movie15)                @@@@@@@@@@@@@@@@@@@@@@@@@@@@@@@@@@@@@@@.

Package atveryend Info: Empty hook `BeforeClearDocument' on input line 494.
[29]
Package atveryend Info: Empty hook `AfterLastShipout' on input line 494.
 (./Stilo_HA2.aux)
Package atveryend Info: Executing hook `AtVeryEndDocument' on input line 494.
Package atveryend Info: Executing hook `AtEndAfterFileList' on input line 494.
Package rerunfilecheck Info: File `Stilo_HA2.out' has not changed.
(rerunfilecheck)             Checksum: BFFEC69A3531DCABE0EF686F87B0D63B;690.


LaTeX Warning: There were undefined references.


LaTeX Warning: Label(s) may have changed. Rerun to get cross-references right.

Package atveryend Info: Empty hook `AtVeryVeryEnd' on input line 494.
 ) 
Here is how much of TeX's memory you used:
 20414 strings out of 494508
 351000 string characters out of 6175045
 488457 words of memory out of 5000000
 23779 multiletter control sequences out of 15000+600000
 538419 words of font info for 45 fonts, out of 8000000 for 9000
 14 hyphenation exceptions out of 8191
 59i,9n,94p,1751b,487s stack positions out of 5000i,500n,10000p,200000b,80000s
</usr/share/texlive/texmf-dist/fonts/type1/public/amsfonts/cm/cmbx10.pfb></us
r/share/texlive/texmf-dist/fonts/type1/public/amsfonts/cm/cmbx12.pfb></usr/shar
e/texlive/texmf-dist/fonts/type1/public/amsfonts/cm/cmex10.pfb></usr/share/texl
ive/texmf-dist/fonts/type1/public/amsfonts/cm/cmmi10.pfb></usr/share/texlive/te
xmf-dist/fonts/type1/public/amsfonts/cm/cmmi7.pfb></usr/share/texlive/texmf-dis
t/fonts/type1/public/amsfonts/cm/cmr10.pfb></usr/share/texlive/texmf-dist/fonts
/type1/public/amsfonts/cm/cmr12.pfb></usr/share/texlive/texmf-dist/fonts/type1/
public/amsfonts/cm/cmr17.pfb></usr/share/texlive/texmf-dist/fonts/type1/public/
amsfonts/cm/cmr6.pfb></usr/share/texlive/texmf-dist/fonts/type1/public/amsfonts
/cm/cmr7.pfb></usr/share/texlive/texmf-dist/fonts/type1/public/amsfonts/cm/cmr8
.pfb></usr/share/texlive/texmf-dist/fonts/type1/public/amsfonts/cm/cmsy10.pfb><
/usr/share/texlive/texmf-dist/fonts/type1/public/amsfonts/cm/cmsy7.pfb></usr/sh
are/texlive/texmf-dist/fonts/type1/public/amsfonts/cm/cmti10.pfb></usr/share/te
xlive/texmf-dist/fonts/type1/public/amsfonts/cm/cmti8.pfb>
Output written on Stilo_HA2.pdf (29 pages, 1476777 bytes).
PDF statistics:
 511 PDF objects out of 1000 (max. 8388607)
 414 compressed objects within 5 object streams
 101 named destinations out of 1000 (max. 500000)
 220 words of extra memory for PDF output out of 10000 (max. 10000000)

